This file contains any messages produced by compilers while
running configure, to aid debugging if configure makes a mistake.

It was created by configure, which was
generated by GNU Autoconf 2.69.  Invocation command line was

  $ ./configure --prefix=/usr/local/mmseg3

## --------- ##
## Platform. ##
## --------- ##

hostname = zjm-System-Product-Name
uname -m = x86_64
uname -r = 3.19.0-25-generic
uname -s = Linux
uname -v = #26~14.04.1-Ubuntu SMP Fri Jul 24 21:16:20 UTC 2015

/usr/bin/uname -p = unknown
/bin/uname -X     = unknown

/bin/arch              = unknown
/usr/bin/arch -k       = unknown
/usr/convex/getsysinfo = unknown
/usr/bin/hostinfo      = unknown
/bin/machine           = unknown
/usr/bin/oslevel       = unknown
/bin/universe          = unknown

PATH: /usr/local/sbin
PATH: /usr/local/bin
PATH: /usr/sbin
PATH: /usr/bin
PATH: /sbin
PATH: /bin
PATH: /usr/games
PATH: /usr/local/games


## ----------- ##
## Core tests. ##
## ----------- ##

configure:2437: checking for a BSD-compatible install
configure:2505: result: /usr/bin/install -c
configure:2516: checking whether build environment is sane
configure:2571: result: yes
configure:2609: WARNING: 'missing' script is too old or missing
configure:2722: checking for a thread-safe mkdir -p
configure:2761: result: /bin/mkdir -p
configure:2768: checking for gawk
configure:2798: result: no
configure:2768: checking for mawk
configure:2784: found /usr/bin/mawk
configure:2795: result: mawk
configure:2806: checking whether make sets $(MAKE)
configure:2828: result: yes
configure:2857: checking whether make supports nested variables
configure:2874: result: yes
configure:3060: checking for g++
configure:3076: found /usr/bin/g++
configure:3087: result: g++
configure:3114: checking for C++ compiler version
configure:3123: g++ --version >&5
g++ (Ubuntu 4.8.4-2ubuntu1~14.04) 4.8.4
Copyright (C) 2013 Free Software Foundation, Inc.
This is free software; see the source for copying conditions.  There is NO
warranty; not even for MERCHANTABILITY or FITNESS FOR A PARTICULAR PURPOSE.

configure:3134: $? = 0
configure:3123: g++ -v >&5
Using built-in specs.
COLLECT_GCC=g++
COLLECT_LTO_WRAPPER=/usr/lib/gcc/x86_64-linux-gnu/4.8/lto-wrapper
Target: x86_64-linux-gnu
Configured with: ../src/configure -v --with-pkgversion='Ubuntu 4.8.4-2ubuntu1~14.04' --with-bugurl=file:///usr/share/doc/gcc-4.8/README.Bugs --enable-languages=c,c++,java,go,d,fortran,objc,obj-c++ --prefix=/usr --program-suffix=-4.8 --enable-shared --enable-linker-build-id --libexecdir=/usr/lib --without-included-gettext --enable-threads=posix --with-gxx-include-dir=/usr/include/c++/4.8 --libdir=/usr/lib --enable-nls --with-sysroot=/ --enable-clocale=gnu --enable-libstdcxx-debug --enable-libstdcxx-time=yes --enable-gnu-unique-object --disable-libmudflap --enable-plugin --with-system-zlib --disable-browser-plugin --enable-java-awt=gtk --enable-gtk-cairo --with-java-home=/usr/lib/jvm/java-1.5.0-gcj-4.8-amd64/jre --enable-java-home --with-jvm-root-dir=/usr/lib/jvm/java-1.5.0-gcj-4.8-amd64 --with-jvm-jar-dir=/usr/lib/jvm-exports/java-1.5.0-gcj-4.8-amd64 --with-arch-directory=amd64 --with-ecj-jar=/usr/share/java/eclipse-ecj.jar --enable-objc-gc --enable-multiarch --disable-werror --with-arch-32=i686 --with-abi=m64 --with-multilib-list=m32,m64,mx32 --with-tune=generic --enable-checking=release --build=x86_64-linux-gnu --host=x86_64-linux-gnu --target=x86_64-linux-gnu
Thread model: posix
gcc version 4.8.4 (Ubuntu 4.8.4-2ubuntu1~14.04) 
configure:3134: $? = 0
configure:3123: g++ -V >&5
g++: error: unrecognized command line option '-V'
g++: fatal error: no input files
compilation terminated.
configure:3134: $? = 4
configure:3123: g++ -qversion >&5
g++: error: unrecognized command line option '-qversion'
g++: fatal error: no input files
compilation terminated.
configure:3134: $? = 4
configure:3154: checking whether the C++ compiler works
configure:3176: g++    conftest.cpp  >&5
configure:3180: $? = 0
configure:3228: result: yes
configure:3231: checking for C++ compiler default output file name
configure:3233: result: a.out
configure:3239: checking for suffix of executables
configure:3246: g++ -o conftest    conftest.cpp  >&5
configure:3250: $? = 0
configure:3272: result: 
configure:3294: checking whether we are cross compiling
configure:3302: g++ -o conftest    conftest.cpp  >&5
configure:3306: $? = 0
configure:3313: ./conftest
configure:3317: $? = 0
configure:3332: result: no
configure:3337: checking for suffix of object files
configure:3359: g++ -c   conftest.cpp >&5
configure:3363: $? = 0
configure:3384: result: o
configure:3388: checking whether we are using the GNU C++ compiler
configure:3407: g++ -c   conftest.cpp >&5
configure:3407: $? = 0
configure:3416: result: yes
configure:3425: checking whether g++ accepts -g
configure:3445: g++ -c -g  conftest.cpp >&5
configure:3445: $? = 0
configure:3486: result: yes
configure:3520: checking for style of include used by make
configure:3548: result: GNU
configure:3574: checking dependency style of g++
configure:3685: result: gcc3
configure:3748: checking for gcc
configure:3764: found /usr/bin/gcc
configure:3775: result: gcc
configure:4004: checking for C compiler version
configure:4013: gcc --version >&5
gcc (Ubuntu 4.8.4-2ubuntu1~14.04) 4.8.4
Copyright (C) 2013 Free Software Foundation, Inc.
This is free software; see the source for copying conditions.  There is NO
warranty; not even for MERCHANTABILITY or FITNESS FOR A PARTICULAR PURPOSE.

configure:4024: $? = 0
configure:4013: gcc -v >&5
Using built-in specs.
COLLECT_GCC=gcc
COLLECT_LTO_WRAPPER=/usr/lib/gcc/x86_64-linux-gnu/4.8/lto-wrapper
Target: x86_64-linux-gnu
Configured with: ../src/configure -v --with-pkgversion='Ubuntu 4.8.4-2ubuntu1~14.04' --with-bugurl=file:///usr/share/doc/gcc-4.8/README.Bugs --enable-languages=c,c++,java,go,d,fortran,objc,obj-c++ --prefix=/usr --program-suffix=-4.8 --enable-shared --enable-linker-build-id --libexecdir=/usr/lib --without-included-gettext --enable-threads=posix --with-gxx-include-dir=/usr/include/c++/4.8 --libdir=/usr/lib --enable-nls --with-sysroot=/ --enable-clocale=gnu --enable-libstdcxx-debug --enable-libstdcxx-time=yes --enable-gnu-unique-object --disable-libmudflap --enable-plugin --with-system-zlib --disable-browser-plugin --enable-java-awt=gtk --enable-gtk-cairo --with-java-home=/usr/lib/jvm/java-1.5.0-gcj-4.8-amd64/jre --enable-java-home --with-jvm-root-dir=/usr/lib/jvm/java-1.5.0-gcj-4.8-amd64 --with-jvm-jar-dir=/usr/lib/jvm-exports/java-1.5.0-gcj-4.8-amd64 --with-arch-directory=amd64 --with-ecj-jar=/usr/share/java/eclipse-ecj.jar --enable-objc-gc --enable-multiarch --disable-werror --with-arch-32=i686 --with-abi=m64 --with-multilib-list=m32,m64,mx32 --with-tune=generic --enable-checking=release --build=x86_64-linux-gnu --host=x86_64-linux-gnu --target=x86_64-linux-gnu
Thread model: posix
gcc version 4.8.4 (Ubuntu 4.8.4-2ubuntu1~14.04) 
configure:4024: $? = 0
configure:4013: gcc -V >&5
gcc: error: unrecognized command line option '-V'
gcc: fatal error: no input files
compilation terminated.
configure:4024: $? = 4
configure:4013: gcc -qversion >&5
gcc: error: unrecognized command line option '-qversion'
gcc: fatal error: no input files
compilation terminated.
configure:4024: $? = 4
configure:4028: checking whether we are using the GNU C compiler
configure:4047: gcc -c   conftest.c >&5
configure:4047: $? = 0
configure:4056: result: yes
configure:4065: checking whether gcc accepts -g
configure:4085: gcc -c -g  conftest.c >&5
configure:4085: $? = 0
configure:4126: result: yes
configure:4143: checking for gcc option to accept ISO C89
configure:4206: gcc  -c -g -O2  conftest.c >&5
configure:4206: $? = 0
configure:4219: result: none needed
configure:4244: checking whether gcc understands -c and -o together
configure:4266: gcc -c conftest.c -o conftest2.o
configure:4269: $? = 0
configure:4266: gcc -c conftest.c -o conftest2.o
configure:4269: $? = 0
configure:4281: result: yes
configure:4300: checking dependency style of gcc
configure:4411: result: gcc3
configure:4457: checking build system type
configure:4471: result: x86_64-unknown-linux-gnu
configure:4491: checking host system type
configure:4504: result: x86_64-unknown-linux-gnu
configure:4545: checking how to print strings
configure:4572: result: printf
configure:4593: checking for a sed that does not truncate output
configure:4657: result: /bin/sed
configure:4675: checking for grep that handles long lines and -e
configure:4733: result: /bin/grep
configure:4738: checking for egrep
configure:4800: result: /bin/grep -E
configure:4805: checking for fgrep
configure:4867: result: /bin/grep -F
configure:4902: checking for ld used by gcc
configure:4969: result: /usr/bin/ld
configure:4976: checking if the linker (/usr/bin/ld) is GNU ld
configure:4991: result: yes
configure:5003: checking for BSD- or MS-compatible name lister (nm)
configure:5052: result: /usr/bin/nm -B
configure:5182: checking the name lister (/usr/bin/nm -B) interface
configure:5189: gcc -c -g -O2  conftest.c >&5
configure:5192: /usr/bin/nm -B "conftest.o"
configure:5195: output
0000000000000000 B some_variable
configure:5202: result: BSD nm
configure:5205: checking whether ln -s works
configure:5209: result: yes
configure:5217: checking the maximum length of command line arguments
configure:5348: result: 1572864
configure:5365: checking whether the shell understands some XSI constructs
configure:5375: result: yes
configure:5379: checking whether the shell understands "+="
configure:5385: result: yes
configure:5420: checking how to convert x86_64-unknown-linux-gnu file names to x86_64-unknown-linux-gnu format
configure:5460: result: func_convert_file_noop
configure:5467: checking how to convert x86_64-unknown-linux-gnu file names to toolchain format
configure:5487: result: func_convert_file_noop
configure:5494: checking for /usr/bin/ld option to reload object files
configure:5501: result: -r
configure:5575: checking for objdump
configure:5591: found /usr/bin/objdump
configure:5602: result: objdump
configure:5634: checking how to recognize dependent libraries
configure:5832: result: pass_all
configure:5917: checking for dlltool
configure:5947: result: no
configure:5977: checking how to associate runtime and link libraries
configure:6004: result: printf %s\n
configure:6065: checking for ar
configure:6081: found /usr/bin/ar
configure:6092: result: ar
configure:6129: checking for archiver @FILE support
configure:6146: gcc -c -g -O2  conftest.c >&5
configure:6146: $? = 0
configure:6149: ar cru libconftest.a @conftest.lst >&5
configure:6152: $? = 0
configure:6157: ar cru libconftest.a @conftest.lst >&5
ar: conftest.o: No such file or directory
configure:6160: $? = 1
configure:6172: result: @
configure:6230: checking for strip
configure:6246: found /usr/bin/strip
configure:6257: result: strip
configure:6329: checking for ranlib
configure:6345: found /usr/bin/ranlib
configure:6356: result: ranlib
configure:6458: checking command to parse /usr/bin/nm -B output from gcc object
configure:6578: gcc -c -g -O2  conftest.c >&5
configure:6581: $? = 0
configure:6585: /usr/bin/nm -B conftest.o \| sed -n -e 's/^.*[ ]\([ABCDGIRSTW][ABCDGIRSTW]*\)[ ][ ]*\([_A-Za-z][_A-Za-z0-9]*\)$/\1 \2 \2/p' | sed '/ __gnu_lto/d' \> conftest.nm
configure:6588: $? = 0
configure:6654: gcc -o conftest -g -O2   conftest.c conftstm.o >&5
configure:6657: $? = 0
configure:6695: result: ok
configure:6732: checking for sysroot
configure:6762: result: no
configure:6839: gcc -c -g -O2  conftest.c >&5
configure:6842: $? = 0
configure:7031: checking for mt
configure:7047: found /bin/mt
configure:7058: result: mt
configure:7081: checking if mt is a manifest tool
configure:7087: mt '-?'
configure:7095: result: no
configure:7737: checking how to run the C preprocessor
configure:7768: gcc -E  conftest.c
configure:7768: $? = 0
configure:7782: gcc -E  conftest.c
conftest.c:11:28: fatal error: ac_nonexistent.h: No such file or directory
 #include <ac_nonexistent.h>
                            ^
compilation terminated.
configure:7782: $? = 1
configure: failed program was:
| /* confdefs.h */
| #define PACKAGE_NAME ""
| #define PACKAGE_TARNAME ""
| #define PACKAGE_VERSION ""
| #define PACKAGE_STRING ""
| #define PACKAGE_BUGREPORT ""
| #define PACKAGE_URL ""
| #define PACKAGE "mmseg"
| #define VERSION "0.7"
| /* end confdefs.h.  */
| #include <ac_nonexistent.h>
configure:7807: result: gcc -E
configure:7827: gcc -E  conftest.c
configure:7827: $? = 0
configure:7841: gcc -E  conftest.c
conftest.c:11:28: fatal error: ac_nonexistent.h: No such file or directory
 #include <ac_nonexistent.h>
                            ^
compilation terminated.
configure:7841: $? = 1
configure: failed program was:
| /* confdefs.h */
| #define PACKAGE_NAME ""
| #define PACKAGE_TARNAME ""
| #define PACKAGE_VERSION ""
| #define PACKAGE_STRING ""
| #define PACKAGE_BUGREPORT ""
| #define PACKAGE_URL ""
| #define PACKAGE "mmseg"
| #define VERSION "0.7"
| /* end confdefs.h.  */
| #include <ac_nonexistent.h>
configure:7870: checking for ANSI C header files
configure:7890: gcc -c -g -O2  conftest.c >&5
configure:7890: $? = 0
configure:7963: gcc -o conftest -g -O2   conftest.c  >&5
configure:7963: $? = 0
configure:7963: ./conftest
configure:7963: $? = 0
configure:7974: result: yes
configure:7987: checking for sys/types.h
configure:7987: gcc -c -g -O2  conftest.c >&5
configure:7987: $? = 0
configure:7987: result: yes
configure:7987: checking for sys/stat.h
configure:7987: gcc -c -g -O2  conftest.c >&5
configure:7987: $? = 0
configure:7987: result: yes
configure:7987: checking for stdlib.h
configure:7987: gcc -c -g -O2  conftest.c >&5
configure:7987: $? = 0
configure:7987: result: yes
configure:7987: checking for string.h
configure:7987: gcc -c -g -O2  conftest.c >&5
configure:7987: $? = 0
configure:7987: result: yes
configure:7987: checking for memory.h
configure:7987: gcc -c -g -O2  conftest.c >&5
configure:7987: $? = 0
configure:7987: result: yes
configure:7987: checking for strings.h
configure:7987: gcc -c -g -O2  conftest.c >&5
configure:7987: $? = 0
configure:7987: result: yes
configure:7987: checking for inttypes.h
configure:7987: gcc -c -g -O2  conftest.c >&5
configure:7987: $? = 0
configure:7987: result: yes
configure:7987: checking for stdint.h
configure:7987: gcc -c -g -O2  conftest.c >&5
configure:7987: $? = 0
configure:7987: result: yes
configure:7987: checking for unistd.h
configure:7987: gcc -c -g -O2  conftest.c >&5
configure:7987: $? = 0
configure:7987: result: yes
configure:8001: checking for dlfcn.h
configure:8001: gcc -c -g -O2  conftest.c >&5
configure:8001: $? = 0
configure:8001: result: yes
configure:8218: checking for objdir
configure:8233: result: .libs
configure:8500: checking if gcc supports -fno-rtti -fno-exceptions
configure:8518: gcc -c -g -O2  -fno-rtti -fno-exceptions conftest.c >&5
cc1: warning: command line option '-fno-rtti' is valid for C++/ObjC++ but not for C [enabled by default]
configure:8522: $? = 0
configure:8535: result: no
configure:8862: checking for gcc option to produce PIC
configure:8869: result: -fPIC -DPIC
configure:8877: checking if gcc PIC flag -fPIC -DPIC works
configure:8895: gcc -c -g -O2  -fPIC -DPIC -DPIC conftest.c >&5
configure:8899: $? = 0
configure:8912: result: yes
configure:8941: checking if gcc static flag -static works
configure:8969: result: yes
configure:8984: checking if gcc supports -c -o file.o
configure:9005: gcc -c -g -O2  -o out/conftest2.o conftest.c >&5
configure:9009: $? = 0
configure:9031: result: yes
configure:9039: checking if gcc supports -c -o file.o
configure:9086: result: yes
configure:9119: checking whether the gcc linker (/usr/bin/ld -m elf_x86_64) supports shared libraries
configure:10276: result: yes
configure:10313: checking whether -lc should be explicitly linked in
configure:10321: gcc -c -g -O2  conftest.c >&5
configure:10324: $? = 0
configure:10339: gcc -shared  -fPIC -DPIC conftest.o  -v -Wl,-soname -Wl,conftest -o conftest 2\>\&1 \| /bin/grep  -lc  \>/dev/null 2\>\&1
configure:10342: $? = 0
configure:10356: result: no
configure:10516: checking dynamic linker characteristics
configure:11016: gcc -o conftest -g -O2   -Wl,-rpath -Wl,/foo conftest.c  >&5
configure:11016: $? = 0
configure:11250: result: GNU/Linux ld.so
configure:11357: checking how to hardcode library paths into programs
configure:11382: result: immediate
configure:11922: checking whether stripping libraries is possible
configure:11927: result: yes
configure:11962: checking if libtool supports shared libraries
configure:11964: result: yes
configure:11967: checking whether to build shared libraries
configure:11988: result: yes
configure:11991: checking whether to build static libraries
configure:11995: result: yes
configure:12018: checking how to run the C++ preprocessor
configure:12045: g++ -E  conftest.cpp
configure:12045: $? = 0
configure:12059: g++ -E  conftest.cpp
conftest.cpp:23:28: fatal error: ac_nonexistent.h: No such file or directory
 #include <ac_nonexistent.h>
                            ^
compilation terminated.
configure:12059: $? = 1
configure: failed program was:
| /* confdefs.h */
| #define PACKAGE_NAME ""
| #define PACKAGE_TARNAME ""
| #define PACKAGE_VERSION ""
| #define PACKAGE_STRING ""
| #define PACKAGE_BUGREPORT ""
| #define PACKAGE_URL ""
| #define PACKAGE "mmseg"
| #define VERSION "0.7"
| #define STDC_HEADERS 1
| #define HAVE_SYS_TYPES_H 1
| #define HAVE_SYS_STAT_H 1
| #define HAVE_STDLIB_H 1
| #define HAVE_STRING_H 1
| #define HAVE_MEMORY_H 1
| #define HAVE_STRINGS_H 1
| #define HAVE_INTTYPES_H 1
| #define HAVE_STDINT_H 1
| #define HAVE_UNISTD_H 1
| #define HAVE_DLFCN_H 1
| #define LT_OBJDIR ".libs/"
| /* end confdefs.h.  */
| #include <ac_nonexistent.h>
configure:12084: result: g++ -E
configure:12104: g++ -E  conftest.cpp
configure:12104: $? = 0
configure:12118: g++ -E  conftest.cpp
conftest.cpp:23:28: fatal error: ac_nonexistent.h: No such file or directory
 #include <ac_nonexistent.h>
                            ^
compilation terminated.
configure:12118: $? = 1
configure: failed program was:
| /* confdefs.h */
| #define PACKAGE_NAME ""
| #define PACKAGE_TARNAME ""
| #define PACKAGE_VERSION ""
| #define PACKAGE_STRING ""
| #define PACKAGE_BUGREPORT ""
| #define PACKAGE_URL ""
| #define PACKAGE "mmseg"
| #define VERSION "0.7"
| #define STDC_HEADERS 1
| #define HAVE_SYS_TYPES_H 1
| #define HAVE_SYS_STAT_H 1
| #define HAVE_STDLIB_H 1
| #define HAVE_STRING_H 1
| #define HAVE_MEMORY_H 1
| #define HAVE_STRINGS_H 1
| #define HAVE_INTTYPES_H 1
| #define HAVE_STDINT_H 1
| #define HAVE_UNISTD_H 1
| #define HAVE_DLFCN_H 1
| #define LT_OBJDIR ".libs/"
| /* end confdefs.h.  */
| #include <ac_nonexistent.h>
configure:12287: checking for ld used by g++
configure:12354: result: /usr/bin/ld -m elf_x86_64
configure:12361: checking if the linker (/usr/bin/ld -m elf_x86_64) is GNU ld
configure:12376: result: yes
configure:12431: checking whether the g++ linker (/usr/bin/ld -m elf_x86_64) supports shared libraries
configure:13433: result: yes
configure:13469: g++ -c -g -O2  conftest.cpp >&5
configure:13472: $? = 0
configure:13992: checking for g++ option to produce PIC
configure:13999: result: -fPIC -DPIC
configure:14007: checking if g++ PIC flag -fPIC -DPIC works
configure:14025: g++ -c -g -O2  -fPIC -DPIC -DPIC conftest.cpp >&5
configure:14029: $? = 0
configure:14042: result: yes
configure:14065: checking if g++ static flag -static works
configure:14093: result: yes
configure:14105: checking if g++ supports -c -o file.o
configure:14126: g++ -c -g -O2  -o out/conftest2.o conftest.cpp >&5
configure:14130: $? = 0
configure:14152: result: yes
configure:14157: checking if g++ supports -c -o file.o
configure:14204: result: yes
configure:14234: checking whether the g++ linker (/usr/bin/ld -m elf_x86_64) supports shared libraries
configure:14273: result: yes
configure:14414: checking dynamic linker characteristics
configure:15082: result: GNU/Linux ld.so
configure:15135: checking how to hardcode library paths into programs
configure:15160: result: immediate
configure:15222: checking for ANSI C header files
configure:15326: result: yes
configure:15334: checking for sys/wait.h that is POSIX.1 compatible
configure:15360: gcc -c -g -O2  conftest.c >&5
configure:15360: $? = 0
configure:15367: result: yes
configure:15378: checking for stdlib.h
configure:15378: result: yes
configure:15378: checking for unistd.h
configure:15378: result: yes
configure:15378: checking errno.h usability
configure:15378: gcc -c -g -O2  conftest.c >&5
configure:15378: $? = 0
configure:15378: result: yes
configure:15378: checking errno.h presence
configure:15378: gcc -E  conftest.c
configure:15378: $? = 0
configure:15378: result: yes
configure:15378: checking for errno.h
configure:15378: result: yes
configure:15378: checking assert.h usability
configure:15378: gcc -c -g -O2  conftest.c >&5
configure:15378: $? = 0
configure:15378: result: yes
configure:15378: checking assert.h presence
configure:15378: gcc -E  conftest.c
configure:15378: $? = 0
configure:15378: result: yes
configure:15378: checking for assert.h
configure:15378: result: yes
configure:15391: checking for string.h
configure:15391: result: yes
configure:15441: checking stdarg.h usability
configure:15441: gcc -c -g -O2  conftest.c >&5
configure:15441: $? = 0
configure:15441: result: yes
configure:15441: checking stdarg.h presence
configure:15441: gcc -E  conftest.c
configure:15441: $? = 0
configure:15441: result: yes
configure:15441: checking for stdarg.h
configure:15441: result: yes
configure:15461: checking for an ANSI C-conforming const
configure:15527: gcc -c -g -O2  conftest.c >&5
configure:15527: $? = 0
configure:15534: result: yes
configure:15542: checking for pid_t
configure:15542: gcc -c -g -O2  conftest.c >&5
configure:15542: $? = 0
configure:15542: gcc -c -g -O2  conftest.c >&5
conftest.c: In function 'main':
conftest.c:67:20: error: expected expression before ')' token
 if (sizeof ((pid_t)))
                    ^
configure:15542: $? = 1
configure: failed program was:
| /* confdefs.h */
| #define PACKAGE_NAME ""
| #define PACKAGE_TARNAME ""
| #define PACKAGE_VERSION ""
| #define PACKAGE_STRING ""
| #define PACKAGE_BUGREPORT ""
| #define PACKAGE_URL ""
| #define PACKAGE "mmseg"
| #define VERSION "0.7"
| #define STDC_HEADERS 1
| #define HAVE_SYS_TYPES_H 1
| #define HAVE_SYS_STAT_H 1
| #define HAVE_STDLIB_H 1
| #define HAVE_STRING_H 1
| #define HAVE_MEMORY_H 1
| #define HAVE_STRINGS_H 1
| #define HAVE_INTTYPES_H 1
| #define HAVE_STDINT_H 1
| #define HAVE_UNISTD_H 1
| #define HAVE_DLFCN_H 1
| #define LT_OBJDIR ".libs/"
| #define STDC_HEADERS 1
| #define HAVE_SYS_WAIT_H 1
| #define HAVE_STDLIB_H 1
| #define HAVE_UNISTD_H 1
| #define HAVE_ERRNO_H 1
| #define HAVE_ASSERT_H 1
| #define HAVE_STRING_H 1
| #define HAVE_STDARG_H 1
| /* end confdefs.h.  */
| #include <stdio.h>
| #ifdef HAVE_SYS_TYPES_H
| # include <sys/types.h>
| #endif
| #ifdef HAVE_SYS_STAT_H
| # include <sys/stat.h>
| #endif
| #ifdef STDC_HEADERS
| # include <stdlib.h>
| # include <stddef.h>
| #else
| # ifdef HAVE_STDLIB_H
| #  include <stdlib.h>
| # endif
| #endif
| #ifdef HAVE_STRING_H
| # if !defined STDC_HEADERS && defined HAVE_MEMORY_H
| #  include <memory.h>
| # endif
| # include <string.h>
| #endif
| #ifdef HAVE_STRINGS_H
| # include <strings.h>
| #endif
| #ifdef HAVE_INTTYPES_H
| # include <inttypes.h>
| #endif
| #ifdef HAVE_STDINT_H
| # include <stdint.h>
| #endif
| #ifdef HAVE_UNISTD_H
| # include <unistd.h>
| #endif
| int
| main ()
| {
| if (sizeof ((pid_t)))
| 	    return 0;
|   ;
|   return 0;
| }
configure:15542: result: yes
configure:15553: checking for size_t
configure:15553: gcc -c -g -O2  conftest.c >&5
configure:15553: $? = 0
configure:15553: gcc -c -g -O2  conftest.c >&5
conftest.c: In function 'main':
conftest.c:67:21: error: expected expression before ')' token
 if (sizeof ((size_t)))
                     ^
configure:15553: $? = 1
configure: failed program was:
| /* confdefs.h */
| #define PACKAGE_NAME ""
| #define PACKAGE_TARNAME ""
| #define PACKAGE_VERSION ""
| #define PACKAGE_STRING ""
| #define PACKAGE_BUGREPORT ""
| #define PACKAGE_URL ""
| #define PACKAGE "mmseg"
| #define VERSION "0.7"
| #define STDC_HEADERS 1
| #define HAVE_SYS_TYPES_H 1
| #define HAVE_SYS_STAT_H 1
| #define HAVE_STDLIB_H 1
| #define HAVE_STRING_H 1
| #define HAVE_MEMORY_H 1
| #define HAVE_STRINGS_H 1
| #define HAVE_INTTYPES_H 1
| #define HAVE_STDINT_H 1
| #define HAVE_UNISTD_H 1
| #define HAVE_DLFCN_H 1
| #define LT_OBJDIR ".libs/"
| #define STDC_HEADERS 1
| #define HAVE_SYS_WAIT_H 1
| #define HAVE_STDLIB_H 1
| #define HAVE_UNISTD_H 1
| #define HAVE_ERRNO_H 1
| #define HAVE_ASSERT_H 1
| #define HAVE_STRING_H 1
| #define HAVE_STDARG_H 1
| /* end confdefs.h.  */
| #include <stdio.h>
| #ifdef HAVE_SYS_TYPES_H
| # include <sys/types.h>
| #endif
| #ifdef HAVE_SYS_STAT_H
| # include <sys/stat.h>
| #endif
| #ifdef STDC_HEADERS
| # include <stdlib.h>
| # include <stddef.h>
| #else
| # ifdef HAVE_STDLIB_H
| #  include <stdlib.h>
| # endif
| #endif
| #ifdef HAVE_STRING_H
| # if !defined STDC_HEADERS && defined HAVE_MEMORY_H
| #  include <memory.h>
| # endif
| # include <string.h>
| #endif
| #ifdef HAVE_STRINGS_H
| # include <strings.h>
| #endif
| #ifdef HAVE_INTTYPES_H
| # include <inttypes.h>
| #endif
| #ifdef HAVE_STDINT_H
| # include <stdint.h>
| #endif
| #ifdef HAVE_UNISTD_H
| # include <unistd.h>
| #endif
| int
| main ()
| {
| if (sizeof ((size_t)))
| 	    return 0;
|   ;
|   return 0;
| }
configure:15553: result: yes
configure:15632: checking for sys_errlist
configure:15648: gcc -o conftest -g -O2   conftest.c  >&5
/tmp/ccFqmxzX.o: In function `main':
/home/zjm/sphinx/coreseek/coreseek-4.1-beta/mmseg-3.2.14/conftest.c:35: warning: `sys_errlist' is deprecated; use `strerror' or `strerror_r' instead
configure:15648: $? = 0
configure:15656: result: yes
configure:15663: checking for sys_siglist
configure:15679: gcc -o conftest -g -O2   conftest.c  >&5
configure:15679: $? = 0
configure:15687: result: yes
configure:15698: checking for bzero
configure:15698: gcc -o conftest -g -O2   conftest.c  >&5
conftest.c:56:6: warning: conflicting types for built-in function 'bzero' [enabled by default]
 char bzero ();
      ^
configure:15698: $? = 0
configure:15698: result: yes
configure:15710: checking for calloc
configure:15710: gcc -o conftest -g -O2   conftest.c  >&5
conftest.c:57:6: warning: conflicting types for built-in function 'calloc' [enabled by default]
 char calloc ();
      ^
configure:15710: $? = 0
configure:15710: result: yes
configure:15710: checking for strchr
configure:15710: gcc -o conftest -g -O2   conftest.c  >&5
conftest.c:58:6: warning: conflicting types for built-in function 'strchr' [enabled by default]
 char strchr ();
      ^
configure:15710: $? = 0
configure:15710: result: yes
configure:15710: checking for strrchr
configure:15710: gcc -o conftest -g -O2   conftest.c  >&5
conftest.c:59:6: warning: conflicting types for built-in function 'strrchr' [enabled by default]
 char strrchr ();
      ^
configure:15710: $? = 0
configure:15710: result: yes
configure:15719: checking for basename
configure:15719: gcc -o conftest -g -O2   conftest.c  >&5
configure:15719: $? = 0
configure:15719: result: yes
configure:15732: checking for strspn
configure:15732: gcc -o conftest -g -O2   conftest.c  >&5
conftest.c:61:6: warning: conflicting types for built-in function 'strspn' [enabled by default]
 char strspn ();
      ^
configure:15732: $? = 0
configure:15732: result: yes
configure:15745: checking for strcspn
configure:15745: gcc -o conftest -g -O2   conftest.c  >&5
conftest.c:62:6: warning: conflicting types for built-in function 'strcspn' [enabled by default]
 char strcspn ();
      ^
configure:15745: $? = 0
configure:15745: result: yes
configure:15758: checking for strerror
configure:15758: gcc -o conftest -g -O2   conftest.c  >&5
configure:15758: $? = 0
configure:15758: result: yes
configure:15771: checking for strsignal
configure:15771: gcc -o conftest -g -O2   conftest.c  >&5
configure:15771: $? = 0
configure:15771: result: yes
configure:15784: checking for vfprintf
configure:15784: gcc -o conftest -g -O2   conftest.c  >&5
conftest.c:65:6: warning: conflicting types for built-in function 'vfprintf' [enabled by default]
 char vfprintf ();
      ^
configure:15784: $? = 0
configure:15784: result: yes
configure:15797: checking for waitpid
configure:15797: gcc -o conftest -g -O2   conftest.c  >&5
configure:15797: $? = 0
configure:15797: result: yes
configure:15947: checking that generated files are newer than configure
configure:15953: result: done
configure:15984: creating ./config.status

## ---------------------- ##
## Running config.status. ##
## ---------------------- ##

This file was extended by config.status, which was
generated by GNU Autoconf 2.69.  Invocation command line was

  CONFIG_FILES    = 
  CONFIG_HEADERS  = 
  CONFIG_LINKS    = 
  CONFIG_COMMANDS = 
  $ ./config.status 

on zjm-System-Product-Name

config.status:1195: creating Makefile
config.status:1195: creating src/Makefile
config.status:1195: creating config.h
config.status:1424: executing depfiles commands
config.status:1424: executing libtool commands
config.status:1424: executing default-1 commands
config.status:1424: executing default commands

## ---------------- ##
## Cache variables. ##
## ---------------- ##

ac_cv_build=x86_64-unknown-linux-gnu
ac_cv_c_compiler_gnu=yes
ac_cv_c_const=yes
ac_cv_cxx_compiler_gnu=yes
ac_cv_env_CCC_set=
ac_cv_env_CCC_value=
ac_cv_env_CC_set=
ac_cv_env_CC_value=
ac_cv_env_CFLAGS_set=
ac_cv_env_CFLAGS_value=
ac_cv_env_CPPFLAGS_set=
ac_cv_env_CPPFLAGS_value=
ac_cv_env_CPP_set=
ac_cv_env_CPP_value=
ac_cv_env_CXXCPP_set=
ac_cv_env_CXXCPP_value=
ac_cv_env_CXXFLAGS_set=
ac_cv_env_CXXFLAGS_value=
ac_cv_env_CXX_set=
ac_cv_env_CXX_value=
ac_cv_env_LDFLAGS_set=
ac_cv_env_LDFLAGS_value=
ac_cv_env_LIBS_set=
ac_cv_env_LIBS_value=
ac_cv_env_build_alias_set=
ac_cv_env_build_alias_value=
ac_cv_env_host_alias_set=
ac_cv_env_host_alias_value=
ac_cv_env_target_alias_set=
ac_cv_env_target_alias_value=
ac_cv_func_basename=yes
ac_cv_func_bzero=yes
ac_cv_func_calloc=yes
ac_cv_func_strchr=yes
ac_cv_func_strcspn=yes
ac_cv_func_strerror=yes
ac_cv_func_strrchr=yes
ac_cv_func_strsignal=yes
ac_cv_func_strspn=yes
ac_cv_func_vfprintf=yes
ac_cv_func_waitpid=yes
ac_cv_header_assert_h=yes
ac_cv_header_dlfcn_h=yes
ac_cv_header_errno_h=yes
ac_cv_header_inttypes_h=yes
ac_cv_header_memory_h=yes
ac_cv_header_stdarg_h=yes
ac_cv_header_stdc=yes
ac_cv_header_stdint_h=yes
ac_cv_header_stdlib_h=yes
ac_cv_header_string_h=yes
ac_cv_header_strings_h=yes
ac_cv_header_sys_stat_h=yes
ac_cv_header_sys_types_h=yes
ac_cv_header_sys_wait_h=yes
ac_cv_header_unistd_h=yes
ac_cv_host=x86_64-unknown-linux-gnu
ac_cv_objext=o
ac_cv_path_EGREP='/bin/grep -E'
ac_cv_path_FGREP='/bin/grep -F'
ac_cv_path_GREP=/bin/grep
ac_cv_path_SED=/bin/sed
ac_cv_path_install='/usr/bin/install -c'
ac_cv_path_mkdir=/bin/mkdir
ac_cv_prog_AWK=mawk
ac_cv_prog_CPP='gcc -E'
ac_cv_prog_CXXCPP='g++ -E'
ac_cv_prog_ac_ct_AR=ar
ac_cv_prog_ac_ct_CC=gcc
ac_cv_prog_ac_ct_CXX=g++
ac_cv_prog_ac_ct_MANIFEST_TOOL=mt
ac_cv_prog_ac_ct_OBJDUMP=objdump
ac_cv_prog_ac_ct_RANLIB=ranlib
ac_cv_prog_ac_ct_STRIP=strip
ac_cv_prog_cc_c89=
ac_cv_prog_cc_g=yes
ac_cv_prog_cxx_g=yes
ac_cv_prog_make_make_set=yes
ac_cv_type_pid_t=yes
ac_cv_type_size_t=yes
am_cv_CC_dependencies_compiler_type=gcc3
am_cv_CXX_dependencies_compiler_type=gcc3
am_cv_make_support_nested_variables=yes
am_cv_prog_cc_c_o=yes
am_cv_prog_cc_stdc=
lt_cv_ar_at_file=@
lt_cv_archive_cmds_need_lc=no
lt_cv_deplibs_check_method=pass_all
lt_cv_file_magic_cmd='$MAGIC_CMD'
lt_cv_file_magic_test_file=
lt_cv_ld_reload_flag=-r
lt_cv_nm_interface='BSD nm'
lt_cv_objdir=.libs
lt_cv_path_LD=/usr/bin/ld
lt_cv_path_LDCXX='/usr/bin/ld -m elf_x86_64'
lt_cv_path_NM='/usr/bin/nm -B'
lt_cv_path_mainfest_tool=no
lt_cv_prog_compiler_c_o=yes
lt_cv_prog_compiler_c_o_CXX=yes
lt_cv_prog_compiler_pic='-fPIC -DPIC'
lt_cv_prog_compiler_pic_CXX='-fPIC -DPIC'
lt_cv_prog_compiler_pic_works=yes
lt_cv_prog_compiler_pic_works_CXX=yes
lt_cv_prog_compiler_rtti_exceptions=no
lt_cv_prog_compiler_static_works=yes
lt_cv_prog_compiler_static_works_CXX=yes
lt_cv_prog_gnu_ld=yes
lt_cv_prog_gnu_ldcxx=yes
lt_cv_sharedlib_from_linklib_cmd='printf %s\n'
lt_cv_shlibpath_overrides_runpath=no
lt_cv_sys_global_symbol_pipe='sed -n -e '\''s/^.*[	 ]\([ABCDGIRSTW][ABCDGIRSTW]*\)[	 ][	 ]*\([_A-Za-z][_A-Za-z0-9]*\)$/\1 \2 \2/p'\'' | sed '\''/ __gnu_lto/d'\'''
lt_cv_sys_global_symbol_to_c_name_address='sed -n -e '\''s/^: \([^ ]*\)[ ]*$/  {\"\1\", (void *) 0},/p'\'' -e '\''s/^[ABCDGIRSTW]* \([^ ]*\) \([^ ]*\)$/  {"\2", (void *) \&\2},/p'\'''
lt_cv_sys_global_symbol_to_c_name_address_lib_prefix='sed -n -e '\''s/^: \([^ ]*\)[ ]*$/  {\"\1\", (void *) 0},/p'\'' -e '\''s/^[ABCDGIRSTW]* \([^ ]*\) \(lib[^ ]*\)$/  {"\2", (void *) \&\2},/p'\'' -e '\''s/^[ABCDGIRSTW]* \([^ ]*\) \([^ ]*\)$/  {"lib\2", (void *) \&\2},/p'\'''
lt_cv_sys_global_symbol_to_cdecl='sed -n -e '\''s/^T .* \(.*\)$/extern int \1();/p'\'' -e '\''s/^[ABCDGIRSTW]* .* \(.*\)$/extern char \1;/p'\'''
lt_cv_sys_max_cmd_len=1572864
lt_cv_to_host_file_cmd=func_convert_file_noop
lt_cv_to_tool_file_cmd=func_convert_file_noop
sic_cv_var_sys_errlist=yes
sic_cv_var_sys_siglist=yes

## ----------------- ##
## Output variables. ##
## ----------------- ##

ACLOCAL='aclocal-1.14'
AMDEPBACKSLASH='\'
AMDEP_FALSE='#'
AMDEP_TRUE=''
AMTAR='$${TAR-tar}'
AM_BACKSLASH='\'
AM_DEFAULT_V='$(AM_DEFAULT_VERBOSITY)'
AM_DEFAULT_VERBOSITY='1'
AM_V='$(V)'
AR='ar'
AUTOCONF='autoconf'
AUTOHEADER='autoheader'
AUTOMAKE='automake-1.14'
AWK='mawk'
CC='gcc'
CCDEPMODE='depmode=gcc3'
CFLAGS='-g -O2'
CPP='gcc -E'
CPPFLAGS=''
CXX='g++'
CXXCPP='g++ -E'
CXXDEPMODE='depmode=gcc3'
CXXFLAGS='-g -O2'
CYGPATH_W='echo'
DEFS='-DHAVE_CONFIG_H'
DEPDIR='.deps'
DLLTOOL='false'
DSYMUTIL=''
DUMPBIN=''
ECHO_C=''
ECHO_N='-n'
ECHO_T=''
EGREP='/bin/grep -E'
EXEEXT=''
FGREP='/bin/grep -F'
GREP='/bin/grep'
INSTALL_DATA='${INSTALL} -m 644'
INSTALL_PROGRAM='${INSTALL}'
INSTALL_SCRIPT='${INSTALL}'
INSTALL_STRIP_PROGRAM='$(install_sh) -c -s'
LD='/usr/bin/ld -m elf_x86_64'
LDFLAGS=''
LIBOBJS=' ${LIBOBJDIR}$U.o'
LIBS=''
LIBTOOL='$(SHELL) $(top_builddir)/libtool'
LIPO=''
LN_S='ln -s'
LTLIBOBJS=' ${LIBOBJDIR}$U.lo'
MAKEINFO='makeinfo'
MANIFEST_TOOL=':'
MKDIR_P='/bin/mkdir -p'
NM='/usr/bin/nm -B'
NMEDIT=''
OBJDUMP='objdump'
OBJEXT='o'
OTOOL64=''
OTOOL=''
PACKAGE='mmseg'
PACKAGE_BUGREPORT=''
PACKAGE_NAME=''
PACKAGE_STRING=''
PACKAGE_TARNAME=''
PACKAGE_URL=''
PACKAGE_VERSION=''
PATH_SEPARATOR=':'
RANLIB='ranlib'
SED='/bin/sed'
SET_MAKE=''
SHELL='/bin/bash'
STRIP='strip'
VERSION='0.7'
WITH_READLINE_FALSE=''
WITH_READLINE_TRUE='#'
ac_aux_dir='config'
ac_ct_AR='ar'
ac_ct_CC='gcc'
ac_ct_CXX='g++'
ac_ct_DUMPBIN=''
am__EXEEXT_FALSE=''
am__EXEEXT_TRUE='#'
am__fastdepCC_FALSE='#'
am__fastdepCC_TRUE=''
am__fastdepCXX_FALSE='#'
am__fastdepCXX_TRUE=''
am__include='include'
am__isrc=''
am__leading_dot='.'
am__nodep='_no'
am__quote=''
am__tar='$${TAR-tar} chof - "$$tardir"'
am__untar='$${TAR-tar} xf -'
bindir='${exec_prefix}/bin'
build='x86_64-unknown-linux-gnu'
build_alias=''
build_cpu='x86_64'
build_os='linux-gnu'
build_vendor='unknown'
datadir='${datarootdir}'
datarootdir='${prefix}/share'
docdir='${datarootdir}/doc/${PACKAGE}'
dvidir='${docdir}'
exec_prefix='${prefix}'
host='x86_64-unknown-linux-gnu'
host_alias=''
host_cpu='x86_64'
host_os='linux-gnu'
host_vendor='unknown'
htmldir='${docdir}'
includedir='${prefix}/include'
infodir='${datarootdir}/info'
install_sh='${SHELL} /home/zjm/sphinx/coreseek/coreseek-4.1-beta/mmseg-3.2.14/config/install-sh'
libdir='${exec_prefix}/lib'
libexecdir='${exec_prefix}/libexec'
localedir='${datarootdir}/locale'
localstatedir='${prefix}/var'
mandir='${datarootdir}/man'
mkdir_p='$(MKDIR_P)'
oldincludedir='/usr/include'
pdfdir='${docdir}'
prefix='/usr/local/mmseg3'
program_transform_name='s,x,x,'
psdir='${docdir}'
sbindir='${exec_prefix}/sbin'
sharedstatedir='${prefix}/com'
sysconfdir='${prefix}/etc'
target_alias=''

## ----------- ##
## confdefs.h. ##
## ----------- ##

/* confdefs.h */
#define PACKAGE_NAME ""
#define PACKAGE_TARNAME ""
#define PACKAGE_VERSION ""
#define PACKAGE_STRING ""
#define PACKAGE_BUGREPORT ""
#define PACKAGE_URL ""
#define PACKAGE "mmseg"
#define VERSION "0.7"
#define STDC_HEADERS 1
#define HAVE_SYS_TYPES_H 1
#define HAVE_SYS_STAT_H 1
#define HAVE_STDLIB_H 1
#define HAVE_STRING_H 1
#define HAVE_MEMORY_H 1
#define HAVE_STRINGS_H 1
#define HAVE_INTTYPES_H 1
#define HAVE_STDINT_H 1
#define HAVE_UNISTD_H 1
#define HAVE_DLFCN_H 1
#define LT_OBJDIR ".libs/"
#define STDC_HEADERS 1
#define HAVE_SYS_WAIT_H 1
#define HAVE_STDLIB_H 1
#define HAVE_UNISTD_H 1
#define HAVE_ERRNO_H 1
#define HAVE_ASSERT_H 1
#define HAVE_STRING_H 1
#define HAVE_STDARG_H 1
#define HAVE_SYS_ERRLIST 1
#define HAVE_SYS_SIGLIST 1
#define HAVE_BZERO 1
#define HAVE_CALLOC 1
#define HAVE_STRCHR 1
#define HAVE_STRRCHR 1
#define HAVE_BASENAME 1
#define HAVE_STRSPN 1
#define HAVE_STRCSPN 1
#define HAVE_STRERROR 1
#define HAVE_STRSIGNAL 1
#define HAVE_VFPRINTF 1
#define HAVE_WAITPID 1

configure: exit 0
