This file contains any messages produced by compilers while
running configure, to aid debugging if configure makes a mistake.

It was created by sphinx configure 1.11, which was
generated by GNU Autoconf 2.69.  Invocation command line was

  $ ./configure --prefix=/usr/local/coreseek --without-unixodbc --with-mmseg --with-mmseg-includes=/usr/local/mmseg3/include/mmseg/ --with-mmseg-libs=/usr/local/mmseg3/lib/ --with-mysql

## --------- ##
## Platform. ##
## --------- ##

hostname = zjm-System-Product-Name
uname -m = x86_64
uname -r = 3.19.0-25-generic
uname -s = Linux
uname -v = #26~14.04.1-Ubuntu SMP Fri Jul 24 21:16:20 UTC 2015

/usr/bin/uname -p = unknown
/bin/uname -X     = unknown

/bin/arch              = unknown
/usr/bin/arch -k       = unknown
/usr/convex/getsysinfo = unknown
/usr/bin/hostinfo      = unknown
/bin/machine           = unknown
/usr/bin/oslevel       = unknown
/bin/universe          = unknown

PATH: /usr/local/sbin
PATH: /usr/local/bin
PATH: /usr/sbin
PATH: /usr/bin
PATH: /sbin
PATH: /bin
PATH: /usr/games
PATH: /usr/local/games


## ----------- ##
## Core tests. ##
## ----------- ##

configure:2384: result: 
configure:2386: result: checking build environment
configure:2389: result: --------------------------
configure:2391: result: 
configure:2440: checking for a BSD-compatible install
configure:2508: result: /usr/bin/install -c
configure:2519: checking whether build environment is sane
configure:2574: result: yes
configure:2612: WARNING: 'missing' script is too old or missing
configure:2725: checking for a thread-safe mkdir -p
configure:2764: result: /bin/mkdir -p
configure:2771: checking for gawk
configure:2801: result: no
configure:2771: checking for mawk
configure:2787: found /usr/bin/mawk
configure:2798: result: mawk
configure:2809: checking whether make sets $(MAKE)
configure:2831: result: yes
configure:2860: checking whether make supports nested variables
configure:2877: result: yes
configure:3003: checking whether to enable maintainer-specific portions of Makefiles
configure:3012: result: no
configure:3037: checking for python
configure:3055: found /usr/bin/python
configure:3067: result: /usr/bin/python
configure:3088: checking for python version
configure:3095: result: 2.7
configure:3107: checking for python platform
configure:3114: result: linux2
configure:3140: checking for python script directory
configure:3175: result: ${prefix}/lib/python2.7/site-packages
configure:3184: checking for python extension module directory
configure:3219: result: ${exec_prefix}/lib/python2.7/site-packages
configure:3242: result: 
configure:3244: result: checking for compiler programs
configure:3247: result: ------------------------------
configure:3249: result: 
configure:3263: checking whether to compile debug version
configure:3273: result: no
configure:3337: checking for gcc
configure:3353: found /usr/bin/gcc
configure:3364: result: gcc
configure:3593: checking for C compiler version
configure:3602: gcc --version >&5
gcc (Ubuntu 4.8.4-2ubuntu1~14.04) 4.8.4
Copyright (C) 2013 Free Software Foundation, Inc.
This is free software; see the source for copying conditions.  There is NO
warranty; not even for MERCHANTABILITY or FITNESS FOR A PARTICULAR PURPOSE.

configure:3613: $? = 0
configure:3602: gcc -v >&5
Using built-in specs.
COLLECT_GCC=gcc
COLLECT_LTO_WRAPPER=/usr/lib/gcc/x86_64-linux-gnu/4.8/lto-wrapper
Target: x86_64-linux-gnu
Configured with: ../src/configure -v --with-pkgversion='Ubuntu 4.8.4-2ubuntu1~14.04' --with-bugurl=file:///usr/share/doc/gcc-4.8/README.Bugs --enable-languages=c,c++,java,go,d,fortran,objc,obj-c++ --prefix=/usr --program-suffix=-4.8 --enable-shared --enable-linker-build-id --libexecdir=/usr/lib --without-included-gettext --enable-threads=posix --with-gxx-include-dir=/usr/include/c++/4.8 --libdir=/usr/lib --enable-nls --with-sysroot=/ --enable-clocale=gnu --enable-libstdcxx-debug --enable-libstdcxx-time=yes --enable-gnu-unique-object --disable-libmudflap --enable-plugin --with-system-zlib --disable-browser-plugin --enable-java-awt=gtk --enable-gtk-cairo --with-java-home=/usr/lib/jvm/java-1.5.0-gcj-4.8-amd64/jre --enable-java-home --with-jvm-root-dir=/usr/lib/jvm/java-1.5.0-gcj-4.8-amd64 --with-jvm-jar-dir=/usr/lib/jvm-exports/java-1.5.0-gcj-4.8-amd64 --with-arch-directory=amd64 --with-ecj-jar=/usr/share/java/eclipse-ecj.jar --enable-objc-gc --enable-multiarch --disable-werror --with-arch-32=i686 --with-abi=m64 --with-multilib-list=m32,m64,mx32 --with-tune=generic --enable-checking=release --build=x86_64-linux-gnu --host=x86_64-linux-gnu --target=x86_64-linux-gnu
Thread model: posix
gcc version 4.8.4 (Ubuntu 4.8.4-2ubuntu1~14.04) 
configure:3613: $? = 0
configure:3602: gcc -V >&5
gcc: error: unrecognized command line option '-V'
gcc: fatal error: no input files
compilation terminated.
configure:3613: $? = 4
configure:3602: gcc -qversion >&5
gcc: error: unrecognized command line option '-qversion'
gcc: fatal error: no input files
compilation terminated.
configure:3613: $? = 4
configure:3633: checking whether the C compiler works
configure:3655: gcc -Wall -g -D_FILE_OFFSET_BITS=64 -O3 -DNDEBUG  -I/usr/local/include  conftest.c  -L/usr/local/lib >&5
configure:3659: $? = 0
configure:3707: result: yes
configure:3710: checking for C compiler default output file name
configure:3712: result: a.out
configure:3718: checking for suffix of executables
configure:3725: gcc -o conftest -Wall -g -D_FILE_OFFSET_BITS=64 -O3 -DNDEBUG  -I/usr/local/include  conftest.c  -L/usr/local/lib >&5
configure:3729: $? = 0
configure:3751: result: 
configure:3773: checking whether we are cross compiling
configure:3781: gcc -o conftest -Wall -g -D_FILE_OFFSET_BITS=64 -O3 -DNDEBUG  -I/usr/local/include  conftest.c  -L/usr/local/lib >&5
configure:3785: $? = 0
configure:3792: ./conftest
configure:3796: $? = 0
configure:3811: result: no
configure:3816: checking for suffix of object files
configure:3838: gcc -c -Wall -g -D_FILE_OFFSET_BITS=64 -O3 -DNDEBUG  -I/usr/local/include conftest.c >&5
configure:3842: $? = 0
configure:3863: result: o
configure:3867: checking whether we are using the GNU C compiler
configure:3886: gcc -c -Wall -g -D_FILE_OFFSET_BITS=64 -O3 -DNDEBUG  -I/usr/local/include conftest.c >&5
configure:3886: $? = 0
configure:3895: result: yes
configure:3904: checking whether gcc accepts -g
configure:3924: gcc -c -g  -I/usr/local/include conftest.c >&5
configure:3924: $? = 0
configure:3965: result: yes
configure:3982: checking for gcc option to accept ISO C89
configure:4045: gcc  -c -Wall -g -D_FILE_OFFSET_BITS=64 -O3 -DNDEBUG  -I/usr/local/include conftest.c >&5
configure:4045: $? = 0
configure:4058: result: none needed
configure:4083: checking whether gcc understands -c and -o together
configure:4105: gcc -c conftest.c -o conftest2.o
configure:4108: $? = 0
configure:4105: gcc -c conftest.c -o conftest2.o
configure:4108: $? = 0
configure:4120: result: yes
configure:4148: checking for style of include used by make
configure:4176: result: GNU
configure:4202: checking dependency style of gcc
configure:4313: result: gcc3
configure:4386: checking for g++
configure:4402: found /usr/bin/g++
configure:4413: result: g++
configure:4440: checking for C++ compiler version
configure:4449: g++ --version >&5
g++ (Ubuntu 4.8.4-2ubuntu1~14.04) 4.8.4
Copyright (C) 2013 Free Software Foundation, Inc.
This is free software; see the source for copying conditions.  There is NO
warranty; not even for MERCHANTABILITY or FITNESS FOR A PARTICULAR PURPOSE.

configure:4460: $? = 0
configure:4449: g++ -v >&5
Using built-in specs.
COLLECT_GCC=g++
COLLECT_LTO_WRAPPER=/usr/lib/gcc/x86_64-linux-gnu/4.8/lto-wrapper
Target: x86_64-linux-gnu
Configured with: ../src/configure -v --with-pkgversion='Ubuntu 4.8.4-2ubuntu1~14.04' --with-bugurl=file:///usr/share/doc/gcc-4.8/README.Bugs --enable-languages=c,c++,java,go,d,fortran,objc,obj-c++ --prefix=/usr --program-suffix=-4.8 --enable-shared --enable-linker-build-id --libexecdir=/usr/lib --without-included-gettext --enable-threads=posix --with-gxx-include-dir=/usr/include/c++/4.8 --libdir=/usr/lib --enable-nls --with-sysroot=/ --enable-clocale=gnu --enable-libstdcxx-debug --enable-libstdcxx-time=yes --enable-gnu-unique-object --disable-libmudflap --enable-plugin --with-system-zlib --disable-browser-plugin --enable-java-awt=gtk --enable-gtk-cairo --with-java-home=/usr/lib/jvm/java-1.5.0-gcj-4.8-amd64/jre --enable-java-home --with-jvm-root-dir=/usr/lib/jvm/java-1.5.0-gcj-4.8-amd64 --with-jvm-jar-dir=/usr/lib/jvm-exports/java-1.5.0-gcj-4.8-amd64 --with-arch-directory=amd64 --with-ecj-jar=/usr/share/java/eclipse-ecj.jar --enable-objc-gc --enable-multiarch --disable-werror --with-arch-32=i686 --with-abi=m64 --with-multilib-list=m32,m64,mx32 --with-tune=generic --enable-checking=release --build=x86_64-linux-gnu --host=x86_64-linux-gnu --target=x86_64-linux-gnu
Thread model: posix
gcc version 4.8.4 (Ubuntu 4.8.4-2ubuntu1~14.04) 
configure:4460: $? = 0
configure:4449: g++ -V >&5
g++: error: unrecognized command line option '-V'
g++: fatal error: no input files
compilation terminated.
configure:4460: $? = 4
configure:4449: g++ -qversion >&5
g++: error: unrecognized command line option '-qversion'
g++: fatal error: no input files
compilation terminated.
configure:4460: $? = 4
configure:4464: checking whether we are using the GNU C++ compiler
configure:4483: g++ -c -Wall -g -D_FILE_OFFSET_BITS=64 -O3 -DNDEBUG  -I/usr/local/include conftest.cpp >&5
configure:4483: $? = 0
configure:4492: result: yes
configure:4501: checking whether g++ accepts -g
configure:4521: g++ -c -g  -I/usr/local/include conftest.cpp >&5
configure:4521: $? = 0
configure:4562: result: yes
configure:4587: checking dependency style of g++
configure:4698: result: gcc3
configure:4756: checking for ranlib
configure:4772: found /usr/bin/ranlib
configure:4783: result: ranlib
configure:4855: checking for ar
configure:4871: found /usr/bin/ar
configure:4882: result: ar
configure:4908: checking the archiver (ar) interface
configure:4924: gcc -c -Wall -g -D_FILE_OFFSET_BITS=64 -O3 -DNDEBUG  -I/usr/local/include conftest.c >&5
configure:4924: $? = 0
configure:4926: ar cru libconftest.a conftest.o >&5
configure:4929: $? = 0
configure:4957: result: ar
configure:5076: gcc -c -Wall -g -D_FILE_OFFSET_BITS=64 -O3 -DNDEBUG  -I/usr/local/include conftest.c >&5
conftest.c:14:6: warning: return type of 'main' is not 'int' [-Wmain]
 void main() {}
      ^
configure:5076: $? = 0
configure:5096: result: 
configure:5098: result: checking for header files
configure:5101: result: -------------------------
configure:5103: result: 
configure:5113: checking how to run the C preprocessor
configure:5144: gcc -E  -I/usr/local/include conftest.c
configure:5144: $? = 0
configure:5158: gcc -E  -I/usr/local/include conftest.c
conftest.c:13:28: fatal error: ac_nonexistent.h: No such file or directory
 #include <ac_nonexistent.h>
                            ^
compilation terminated.
configure:5158: $? = 1
configure: failed program was:
| /* confdefs.h */
| #define PACKAGE_NAME "sphinx"
| #define PACKAGE_TARNAME "sphinx"
| #define PACKAGE_VERSION "1.11"
| #define PACKAGE_STRING "sphinx 1.11"
| #define PACKAGE_BUGREPORT "shodan(at)shodan.ru"
| #define PACKAGE_URL ""
| #define PACKAGE "sphinx"
| #define VERSION "1.11"
| #define COMPILER "gcc 4.8"
| #define OS_UNAME "Linux zjm-System-Product-Name 3.19.0-25-generic #26~14.04.1-Ubuntu SMP Fri Jul 24 21:16:20 UTC 2015 x86_64 x86_64 x86_64 GNU/Linux"
| /* end confdefs.h.  */
| #include <ac_nonexistent.h>
configure:5183: result: gcc -E
configure:5203: gcc -E  -I/usr/local/include conftest.c
configure:5203: $? = 0
configure:5217: gcc -E  -I/usr/local/include conftest.c
conftest.c:13:28: fatal error: ac_nonexistent.h: No such file or directory
 #include <ac_nonexistent.h>
                            ^
compilation terminated.
configure:5217: $? = 1
configure: failed program was:
| /* confdefs.h */
| #define PACKAGE_NAME "sphinx"
| #define PACKAGE_TARNAME "sphinx"
| #define PACKAGE_VERSION "1.11"
| #define PACKAGE_STRING "sphinx 1.11"
| #define PACKAGE_BUGREPORT "shodan(at)shodan.ru"
| #define PACKAGE_URL ""
| #define PACKAGE "sphinx"
| #define VERSION "1.11"
| #define COMPILER "gcc 4.8"
| #define OS_UNAME "Linux zjm-System-Product-Name 3.19.0-25-generic #26~14.04.1-Ubuntu SMP Fri Jul 24 21:16:20 UTC 2015 x86_64 x86_64 x86_64 GNU/Linux"
| /* end confdefs.h.  */
| #include <ac_nonexistent.h>
configure:5246: checking for grep that handles long lines and -e
configure:5304: result: /bin/grep
configure:5309: checking for egrep
configure:5371: result: /bin/grep -E
configure:5376: checking for ANSI C header files
configure:5396: gcc -c -Wall -g -D_FILE_OFFSET_BITS=64 -O3 -DNDEBUG  -I/usr/local/include conftest.c >&5
configure:5396: $? = 0
configure:5469: gcc -o conftest -Wall -g -D_FILE_OFFSET_BITS=64 -O3 -DNDEBUG  -I/usr/local/include  conftest.c  -L/usr/local/lib >&5
configure:5469: $? = 0
configure:5469: ./conftest
configure:5469: $? = 0
configure:5480: result: yes
configure:5488: checking for sys/wait.h that is POSIX.1 compatible
configure:5514: gcc -c -Wall -g -D_FILE_OFFSET_BITS=64 -O3 -DNDEBUG  -I/usr/local/include conftest.c >&5
configure:5514: $? = 0
configure:5521: result: yes
configure:5534: checking for sys/types.h
configure:5534: gcc -c -Wall -g -D_FILE_OFFSET_BITS=64 -O3 -DNDEBUG  -I/usr/local/include conftest.c >&5
configure:5534: $? = 0
configure:5534: result: yes
configure:5534: checking for sys/stat.h
configure:5534: gcc -c -Wall -g -D_FILE_OFFSET_BITS=64 -O3 -DNDEBUG  -I/usr/local/include conftest.c >&5
configure:5534: $? = 0
configure:5534: result: yes
configure:5534: checking for stdlib.h
configure:5534: gcc -c -Wall -g -D_FILE_OFFSET_BITS=64 -O3 -DNDEBUG  -I/usr/local/include conftest.c >&5
configure:5534: $? = 0
configure:5534: result: yes
configure:5534: checking for string.h
configure:5534: gcc -c -Wall -g -D_FILE_OFFSET_BITS=64 -O3 -DNDEBUG  -I/usr/local/include conftest.c >&5
configure:5534: $? = 0
configure:5534: result: yes
configure:5534: checking for memory.h
configure:5534: gcc -c -Wall -g -D_FILE_OFFSET_BITS=64 -O3 -DNDEBUG  -I/usr/local/include conftest.c >&5
configure:5534: $? = 0
configure:5534: result: yes
configure:5534: checking for strings.h
configure:5534: gcc -c -Wall -g -D_FILE_OFFSET_BITS=64 -O3 -DNDEBUG  -I/usr/local/include conftest.c >&5
configure:5534: $? = 0
configure:5534: result: yes
configure:5534: checking for inttypes.h
configure:5534: gcc -c -Wall -g -D_FILE_OFFSET_BITS=64 -O3 -DNDEBUG  -I/usr/local/include conftest.c >&5
configure:5534: $? = 0
configure:5534: result: yes
configure:5534: checking for stdint.h
configure:5534: gcc -c -Wall -g -D_FILE_OFFSET_BITS=64 -O3 -DNDEBUG  -I/usr/local/include conftest.c >&5
configure:5534: $? = 0
configure:5534: result: yes
configure:5534: checking for unistd.h
configure:5534: gcc -c -Wall -g -D_FILE_OFFSET_BITS=64 -O3 -DNDEBUG  -I/usr/local/include conftest.c >&5
configure:5534: $? = 0
configure:5534: result: yes
configure:5549: checking fcntl.h usability
configure:5549: gcc -c -Wall -g -D_FILE_OFFSET_BITS=64 -O3 -DNDEBUG  -I/usr/local/include conftest.c >&5
configure:5549: $? = 0
configure:5549: result: yes
configure:5549: checking fcntl.h presence
configure:5549: gcc -E  -I/usr/local/include conftest.c
configure:5549: $? = 0
configure:5549: result: yes
configure:5549: checking for fcntl.h
configure:5549: result: yes
configure:5549: checking limits.h usability
configure:5549: gcc -c -Wall -g -D_FILE_OFFSET_BITS=64 -O3 -DNDEBUG  -I/usr/local/include conftest.c >&5
configure:5549: $? = 0
configure:5549: result: yes
configure:5549: checking limits.h presence
configure:5549: gcc -E  -I/usr/local/include conftest.c
configure:5549: $? = 0
configure:5549: result: yes
configure:5549: checking for limits.h
configure:5549: result: yes
configure:5549: checking netdb.h usability
configure:5549: gcc -c -Wall -g -D_FILE_OFFSET_BITS=64 -O3 -DNDEBUG  -I/usr/local/include conftest.c >&5
configure:5549: $? = 0
configure:5549: result: yes
configure:5549: checking netdb.h presence
configure:5549: gcc -E  -I/usr/local/include conftest.c
configure:5549: $? = 0
configure:5549: result: yes
configure:5549: checking for netdb.h
configure:5549: result: yes
configure:5549: checking netinet/in.h usability
configure:5549: gcc -c -Wall -g -D_FILE_OFFSET_BITS=64 -O3 -DNDEBUG  -I/usr/local/include conftest.c >&5
configure:5549: $? = 0
configure:5549: result: yes
configure:5549: checking netinet/in.h presence
configure:5549: gcc -E  -I/usr/local/include conftest.c
configure:5549: $? = 0
configure:5549: result: yes
configure:5549: checking for netinet/in.h
configure:5549: result: yes
configure:5549: checking for stdlib.h
configure:5549: result: yes
configure:5549: checking for string.h
configure:5549: result: yes
configure:5549: checking sys/file.h usability
configure:5549: gcc -c -Wall -g -D_FILE_OFFSET_BITS=64 -O3 -DNDEBUG  -I/usr/local/include conftest.c >&5
configure:5549: $? = 0
configure:5549: result: yes
configure:5549: checking sys/file.h presence
configure:5549: gcc -E  -I/usr/local/include conftest.c
configure:5549: $? = 0
configure:5549: result: yes
configure:5549: checking for sys/file.h
configure:5549: result: yes
configure:5549: checking sys/socket.h usability
configure:5549: gcc -c -Wall -g -D_FILE_OFFSET_BITS=64 -O3 -DNDEBUG  -I/usr/local/include conftest.c >&5
configure:5549: $? = 0
configure:5549: result: yes
configure:5549: checking sys/socket.h presence
configure:5549: gcc -E  -I/usr/local/include conftest.c
configure:5549: $? = 0
configure:5549: result: yes
configure:5549: checking for sys/socket.h
configure:5549: result: yes
configure:5549: checking sys/time.h usability
configure:5549: gcc -c -Wall -g -D_FILE_OFFSET_BITS=64 -O3 -DNDEBUG  -I/usr/local/include conftest.c >&5
configure:5549: $? = 0
configure:5549: result: yes
configure:5549: checking sys/time.h presence
configure:5549: gcc -E  -I/usr/local/include conftest.c
configure:5549: $? = 0
configure:5549: result: yes
configure:5549: checking for sys/time.h
configure:5549: result: yes
configure:5549: checking for unistd.h
configure:5549: result: yes
configure:5549: checking pthread.h usability
configure:5549: gcc -c -Wall -g -D_FILE_OFFSET_BITS=64 -O3 -DNDEBUG  -I/usr/local/include conftest.c >&5
configure:5549: $? = 0
configure:5549: result: yes
configure:5549: checking pthread.h presence
configure:5549: gcc -E  -I/usr/local/include conftest.c
configure:5549: $? = 0
configure:5549: result: yes
configure:5549: checking for pthread.h
configure:5549: result: yes
configure:5549: checking execinfo.h usability
configure:5549: gcc -c -Wall -g -D_FILE_OFFSET_BITS=64 -O3 -DNDEBUG  -I/usr/local/include conftest.c >&5
configure:5549: $? = 0
configure:5549: result: yes
configure:5549: checking execinfo.h presence
configure:5549: gcc -E  -I/usr/local/include conftest.c
configure:5549: $? = 0
configure:5549: result: yes
configure:5549: checking for execinfo.h
configure:5549: result: yes
configure:5559: checking expat.h usability
configure:5559: gcc -c -Wall -g -D_FILE_OFFSET_BITS=64 -O3 -DNDEBUG  -I/usr/local/include conftest.c >&5
configure:5559: $? = 0
configure:5559: result: yes
configure:5559: checking expat.h presence
configure:5559: gcc -E  -I/usr/local/include conftest.c
configure:5559: $? = 0
configure:5559: result: yes
configure:5559: checking for expat.h
configure:5559: result: yes
configure:5567: checking iconv.h usability
configure:5567: gcc -c -Wall -g -D_FILE_OFFSET_BITS=64 -O3 -DNDEBUG  -I/usr/local/include conftest.c >&5
configure:5567: $? = 0
configure:5567: result: yes
configure:5567: checking iconv.h presence
configure:5567: gcc -E  -I/usr/local/include conftest.c
configure:5567: $? = 0
configure:5567: result: yes
configure:5567: checking for iconv.h
configure:5567: result: yes
configure:5575: checking zlib.h usability
configure:5575: gcc -c -Wall -g -D_FILE_OFFSET_BITS=64 -O3 -DNDEBUG  -I/usr/local/include conftest.c >&5
configure:5575: $? = 0
configure:5575: result: yes
configure:5575: checking zlib.h presence
configure:5575: gcc -E  -I/usr/local/include conftest.c
configure:5575: $? = 0
configure:5575: result: yes
configure:5575: checking for zlib.h
configure:5575: result: yes
configure:5583: checking sql.h usability
configure:5583: gcc -c -Wall -g -D_FILE_OFFSET_BITS=64 -O3 -DNDEBUG  -I/usr/local/include conftest.c >&5
conftest.c:69:17: fatal error: sql.h: No such file or directory
 #include <sql.h>
                 ^
compilation terminated.
configure:5583: $? = 1
configure: failed program was:
| /* confdefs.h */
| #define PACKAGE_NAME "sphinx"
| #define PACKAGE_TARNAME "sphinx"
| #define PACKAGE_VERSION "1.11"
| #define PACKAGE_STRING "sphinx 1.11"
| #define PACKAGE_BUGREPORT "shodan(at)shodan.ru"
| #define PACKAGE_URL ""
| #define PACKAGE "sphinx"
| #define VERSION "1.11"
| #define COMPILER "gcc 4.8"
| #define OS_UNAME "Linux zjm-System-Product-Name 3.19.0-25-generic #26~14.04.1-Ubuntu SMP Fri Jul 24 21:16:20 UTC 2015 x86_64 x86_64 x86_64 GNU/Linux"
| #define STDC_HEADERS 1
| #define HAVE_SYS_WAIT_H 1
| #define HAVE_SYS_TYPES_H 1
| #define HAVE_SYS_STAT_H 1
| #define HAVE_STDLIB_H 1
| #define HAVE_STRING_H 1
| #define HAVE_MEMORY_H 1
| #define HAVE_STRINGS_H 1
| #define HAVE_INTTYPES_H 1
| #define HAVE_STDINT_H 1
| #define HAVE_UNISTD_H 1
| #define HAVE_FCNTL_H 1
| #define HAVE_LIMITS_H 1
| #define HAVE_NETDB_H 1
| #define HAVE_NETINET_IN_H 1
| #define HAVE_STDLIB_H 1
| #define HAVE_STRING_H 1
| #define HAVE_SYS_FILE_H 1
| #define HAVE_SYS_SOCKET_H 1
| #define HAVE_SYS_TIME_H 1
| #define HAVE_UNISTD_H 1
| #define HAVE_PTHREAD_H 1
| #define HAVE_EXECINFO_H 1
| /* end confdefs.h.  */
| #include <stdio.h>
| #ifdef HAVE_SYS_TYPES_H
| # include <sys/types.h>
| #endif
| #ifdef HAVE_SYS_STAT_H
| # include <sys/stat.h>
| #endif
| #ifdef STDC_HEADERS
| # include <stdlib.h>
| # include <stddef.h>
| #else
| # ifdef HAVE_STDLIB_H
| #  include <stdlib.h>
| # endif
| #endif
| #ifdef HAVE_STRING_H
| # if !defined STDC_HEADERS && defined HAVE_MEMORY_H
| #  include <memory.h>
| # endif
| # include <string.h>
| #endif
| #ifdef HAVE_STRINGS_H
| # include <strings.h>
| #endif
| #ifdef HAVE_INTTYPES_H
| # include <inttypes.h>
| #endif
| #ifdef HAVE_STDINT_H
| # include <stdint.h>
| #endif
| #ifdef HAVE_UNISTD_H
| # include <unistd.h>
| #endif
| #include <sql.h>
configure:5583: result: no
configure:5583: checking sql.h presence
configure:5583: gcc -E  -I/usr/local/include conftest.c
conftest.c:36:17: fatal error: sql.h: No such file or directory
 #include <sql.h>
                 ^
compilation terminated.
configure:5583: $? = 1
configure: failed program was:
| /* confdefs.h */
| #define PACKAGE_NAME "sphinx"
| #define PACKAGE_TARNAME "sphinx"
| #define PACKAGE_VERSION "1.11"
| #define PACKAGE_STRING "sphinx 1.11"
| #define PACKAGE_BUGREPORT "shodan(at)shodan.ru"
| #define PACKAGE_URL ""
| #define PACKAGE "sphinx"
| #define VERSION "1.11"
| #define COMPILER "gcc 4.8"
| #define OS_UNAME "Linux zjm-System-Product-Name 3.19.0-25-generic #26~14.04.1-Ubuntu SMP Fri Jul 24 21:16:20 UTC 2015 x86_64 x86_64 x86_64 GNU/Linux"
| #define STDC_HEADERS 1
| #define HAVE_SYS_WAIT_H 1
| #define HAVE_SYS_TYPES_H 1
| #define HAVE_SYS_STAT_H 1
| #define HAVE_STDLIB_H 1
| #define HAVE_STRING_H 1
| #define HAVE_MEMORY_H 1
| #define HAVE_STRINGS_H 1
| #define HAVE_INTTYPES_H 1
| #define HAVE_STDINT_H 1
| #define HAVE_UNISTD_H 1
| #define HAVE_FCNTL_H 1
| #define HAVE_LIMITS_H 1
| #define HAVE_NETDB_H 1
| #define HAVE_NETINET_IN_H 1
| #define HAVE_STDLIB_H 1
| #define HAVE_STRING_H 1
| #define HAVE_SYS_FILE_H 1
| #define HAVE_SYS_SOCKET_H 1
| #define HAVE_SYS_TIME_H 1
| #define HAVE_UNISTD_H 1
| #define HAVE_PTHREAD_H 1
| #define HAVE_EXECINFO_H 1
| /* end confdefs.h.  */
| #include <sql.h>
configure:5583: result: no
configure:5583: checking for sql.h
configure:5583: result: no
configure:5591: checking syslog.h usability
configure:5591: gcc -c -Wall -g -D_FILE_OFFSET_BITS=64 -O3 -DNDEBUG  -I/usr/local/include conftest.c >&5
configure:5591: $? = 0
configure:5591: result: yes
configure:5591: checking syslog.h presence
configure:5591: gcc -E  -I/usr/local/include conftest.c
configure:5591: $? = 0
configure:5591: result: yes
configure:5591: checking for syslog.h
configure:5591: result: yes
configure:5602: result: 
configure:5604: result: checking for types
configure:5607: result: ------------------
configure:5609: result: 
configure:5614: checking for stdbool.h that conforms to C99
configure:5681: gcc -c -Wall -g -D_FILE_OFFSET_BITS=64 -O3 -DNDEBUG  -I/usr/local/include conftest.c >&5
conftest.c: In function 'main':
conftest.c:85:14: warning: the address of 's' will always evaluate as 'true' [-Waddress]
              bool e = &s;
              ^
conftest.c:89:22: warning: the address of 'a' will always evaluate as 'true' [-Waddress]
              return (!a + !b + !c + !d + !e + !f + !g + !h + !i + !!j + !k + !!l
                      ^
conftest.c:89:27: warning: the address of 'b' will always evaluate as 'true' [-Waddress]
              return (!a + !b + !c + !d + !e + !f + !g + !h + !i + !!j + !k + !!l
                           ^
conftest.c:89:32: warning: the address of 'c' will always evaluate as 'true' [-Waddress]
              return (!a + !b + !c + !d + !e + !f + !g + !h + !i + !!j + !k + !!l
                                ^
conftest.c:89:37: warning: the address of 'd' will always evaluate as 'true' [-Waddress]
              return (!a + !b + !c + !d + !e + !f + !g + !h + !i + !!j + !k + !!l
                                     ^
conftest.c:89:47: warning: the address of 'f' will always evaluate as 'true' [-Waddress]
              return (!a + !b + !c + !d + !e + !f + !g + !h + !i + !!j + !k + !!l
                                               ^
conftest.c:89:52: warning: the address of 'g' will always evaluate as 'true' [-Waddress]
              return (!a + !b + !c + !d + !e + !f + !g + !h + !i + !!j + !k + !!l
                                                    ^
conftest.c:89:57: warning: the address of 'h' will always evaluate as 'true' [-Waddress]
              return (!a + !b + !c + !d + !e + !f + !g + !h + !i + !!j + !k + !!l
                                                         ^
conftest.c:89:62: warning: the address of 'i' will always evaluate as 'true' [-Waddress]
              return (!a + !b + !c + !d + !e + !f + !g + !h + !i + !!j + !k + !!l
                                                              ^
conftest.c:90:29: warning: the address of 'n' will always evaluate as 'true' [-Waddress]
                             ^
conftest.c:90:34: warning: the address of 'o' will always evaluate as 'true' [-Waddress]
                                  ^
conftest.c:90:39: warning: the address of 'p' will always evaluate as 'true' [-Waddress]
                                       ^
configure:5681: $? = 0
configure:5688: result: yes
configure:5690: checking for _Bool
configure:5690: gcc -c -Wall -g -D_FILE_OFFSET_BITS=64 -O3 -DNDEBUG  -I/usr/local/include conftest.c >&5
configure:5690: $? = 0
configure:5690: gcc -c -Wall -g -D_FILE_OFFSET_BITS=64 -O3 -DNDEBUG  -I/usr/local/include conftest.c >&5
conftest.c: In function 'main':
conftest.c:72:20: error: expected expression before ')' token
 if (sizeof ((_Bool)))
                    ^
configure:5690: $? = 1
configure: failed program was:
| /* confdefs.h */
| #define PACKAGE_NAME "sphinx"
| #define PACKAGE_TARNAME "sphinx"
| #define PACKAGE_VERSION "1.11"
| #define PACKAGE_STRING "sphinx 1.11"
| #define PACKAGE_BUGREPORT "shodan(at)shodan.ru"
| #define PACKAGE_URL ""
| #define PACKAGE "sphinx"
| #define VERSION "1.11"
| #define COMPILER "gcc 4.8"
| #define OS_UNAME "Linux zjm-System-Product-Name 3.19.0-25-generic #26~14.04.1-Ubuntu SMP Fri Jul 24 21:16:20 UTC 2015 x86_64 x86_64 x86_64 GNU/Linux"
| #define STDC_HEADERS 1
| #define HAVE_SYS_WAIT_H 1
| #define HAVE_SYS_TYPES_H 1
| #define HAVE_SYS_STAT_H 1
| #define HAVE_STDLIB_H 1
| #define HAVE_STRING_H 1
| #define HAVE_MEMORY_H 1
| #define HAVE_STRINGS_H 1
| #define HAVE_INTTYPES_H 1
| #define HAVE_STDINT_H 1
| #define HAVE_UNISTD_H 1
| #define HAVE_FCNTL_H 1
| #define HAVE_LIMITS_H 1
| #define HAVE_NETDB_H 1
| #define HAVE_NETINET_IN_H 1
| #define HAVE_STDLIB_H 1
| #define HAVE_STRING_H 1
| #define HAVE_SYS_FILE_H 1
| #define HAVE_SYS_SOCKET_H 1
| #define HAVE_SYS_TIME_H 1
| #define HAVE_UNISTD_H 1
| #define HAVE_PTHREAD_H 1
| #define HAVE_EXECINFO_H 1
| /* end confdefs.h.  */
| #include <stdio.h>
| #ifdef HAVE_SYS_TYPES_H
| # include <sys/types.h>
| #endif
| #ifdef HAVE_SYS_STAT_H
| # include <sys/stat.h>
| #endif
| #ifdef STDC_HEADERS
| # include <stdlib.h>
| # include <stddef.h>
| #else
| # ifdef HAVE_STDLIB_H
| #  include <stdlib.h>
| # endif
| #endif
| #ifdef HAVE_STRING_H
| # if !defined STDC_HEADERS && defined HAVE_MEMORY_H
| #  include <memory.h>
| # endif
| # include <string.h>
| #endif
| #ifdef HAVE_STRINGS_H
| # include <strings.h>
| #endif
| #ifdef HAVE_INTTYPES_H
| # include <inttypes.h>
| #endif
| #ifdef HAVE_STDINT_H
| # include <stdint.h>
| #endif
| #ifdef HAVE_UNISTD_H
| # include <unistd.h>
| #endif
| int
| main ()
| {
| if (sizeof ((_Bool)))
| 	    return 0;
|   ;
|   return 0;
| }
configure:5690: result: yes
configure:5707: checking for an ANSI C-conforming const
configure:5773: gcc -c -Wall -g -D_FILE_OFFSET_BITS=64 -O3 -DNDEBUG  -I/usr/local/include conftest.c >&5
configure:5773: $? = 0
configure:5780: result: yes
configure:5788: checking for inline
configure:5804: gcc -c -Wall -g -D_FILE_OFFSET_BITS=64 -O3 -DNDEBUG  -I/usr/local/include conftest.c >&5
configure:5804: $? = 0
configure:5812: result: inline
configure:5830: checking for off_t
configure:5830: gcc -c -Wall -g -D_FILE_OFFSET_BITS=64 -O3 -DNDEBUG  -I/usr/local/include conftest.c >&5
configure:5830: $? = 0
configure:5830: gcc -c -Wall -g -D_FILE_OFFSET_BITS=64 -O3 -DNDEBUG  -I/usr/local/include conftest.c >&5
conftest.c: In function 'main':
conftest.c:74:20: error: expected expression before ')' token
 if (sizeof ((off_t)))
                    ^
configure:5830: $? = 1
configure: failed program was:
| /* confdefs.h */
| #define PACKAGE_NAME "sphinx"
| #define PACKAGE_TARNAME "sphinx"
| #define PACKAGE_VERSION "1.11"
| #define PACKAGE_STRING "sphinx 1.11"
| #define PACKAGE_BUGREPORT "shodan(at)shodan.ru"
| #define PACKAGE_URL ""
| #define PACKAGE "sphinx"
| #define VERSION "1.11"
| #define COMPILER "gcc 4.8"
| #define OS_UNAME "Linux zjm-System-Product-Name 3.19.0-25-generic #26~14.04.1-Ubuntu SMP Fri Jul 24 21:16:20 UTC 2015 x86_64 x86_64 x86_64 GNU/Linux"
| #define STDC_HEADERS 1
| #define HAVE_SYS_WAIT_H 1
| #define HAVE_SYS_TYPES_H 1
| #define HAVE_SYS_STAT_H 1
| #define HAVE_STDLIB_H 1
| #define HAVE_STRING_H 1
| #define HAVE_MEMORY_H 1
| #define HAVE_STRINGS_H 1
| #define HAVE_INTTYPES_H 1
| #define HAVE_STDINT_H 1
| #define HAVE_UNISTD_H 1
| #define HAVE_FCNTL_H 1
| #define HAVE_LIMITS_H 1
| #define HAVE_NETDB_H 1
| #define HAVE_NETINET_IN_H 1
| #define HAVE_STDLIB_H 1
| #define HAVE_STRING_H 1
| #define HAVE_SYS_FILE_H 1
| #define HAVE_SYS_SOCKET_H 1
| #define HAVE_SYS_TIME_H 1
| #define HAVE_UNISTD_H 1
| #define HAVE_PTHREAD_H 1
| #define HAVE_EXECINFO_H 1
| #define HAVE__BOOL 1
| #define HAVE_STDBOOL_H 1
| /* end confdefs.h.  */
| #include <stdio.h>
| #ifdef HAVE_SYS_TYPES_H
| # include <sys/types.h>
| #endif
| #ifdef HAVE_SYS_STAT_H
| # include <sys/stat.h>
| #endif
| #ifdef STDC_HEADERS
| # include <stdlib.h>
| # include <stddef.h>
| #else
| # ifdef HAVE_STDLIB_H
| #  include <stdlib.h>
| # endif
| #endif
| #ifdef HAVE_STRING_H
| # if !defined STDC_HEADERS && defined HAVE_MEMORY_H
| #  include <memory.h>
| # endif
| # include <string.h>
| #endif
| #ifdef HAVE_STRINGS_H
| # include <strings.h>
| #endif
| #ifdef HAVE_INTTYPES_H
| # include <inttypes.h>
| #endif
| #ifdef HAVE_STDINT_H
| # include <stdint.h>
| #endif
| #ifdef HAVE_UNISTD_H
| # include <unistd.h>
| #endif
| int
| main ()
| {
| if (sizeof ((off_t)))
| 	    return 0;
|   ;
|   return 0;
| }
configure:5830: result: yes
configure:5841: checking for size_t
configure:5841: gcc -c -Wall -g -D_FILE_OFFSET_BITS=64 -O3 -DNDEBUG  -I/usr/local/include conftest.c >&5
configure:5841: $? = 0
configure:5841: gcc -c -Wall -g -D_FILE_OFFSET_BITS=64 -O3 -DNDEBUG  -I/usr/local/include conftest.c >&5
conftest.c: In function 'main':
conftest.c:74:21: error: expected expression before ')' token
 if (sizeof ((size_t)))
                     ^
configure:5841: $? = 1
configure: failed program was:
| /* confdefs.h */
| #define PACKAGE_NAME "sphinx"
| #define PACKAGE_TARNAME "sphinx"
| #define PACKAGE_VERSION "1.11"
| #define PACKAGE_STRING "sphinx 1.11"
| #define PACKAGE_BUGREPORT "shodan(at)shodan.ru"
| #define PACKAGE_URL ""
| #define PACKAGE "sphinx"
| #define VERSION "1.11"
| #define COMPILER "gcc 4.8"
| #define OS_UNAME "Linux zjm-System-Product-Name 3.19.0-25-generic #26~14.04.1-Ubuntu SMP Fri Jul 24 21:16:20 UTC 2015 x86_64 x86_64 x86_64 GNU/Linux"
| #define STDC_HEADERS 1
| #define HAVE_SYS_WAIT_H 1
| #define HAVE_SYS_TYPES_H 1
| #define HAVE_SYS_STAT_H 1
| #define HAVE_STDLIB_H 1
| #define HAVE_STRING_H 1
| #define HAVE_MEMORY_H 1
| #define HAVE_STRINGS_H 1
| #define HAVE_INTTYPES_H 1
| #define HAVE_STDINT_H 1
| #define HAVE_UNISTD_H 1
| #define HAVE_FCNTL_H 1
| #define HAVE_LIMITS_H 1
| #define HAVE_NETDB_H 1
| #define HAVE_NETINET_IN_H 1
| #define HAVE_STDLIB_H 1
| #define HAVE_STRING_H 1
| #define HAVE_SYS_FILE_H 1
| #define HAVE_SYS_SOCKET_H 1
| #define HAVE_SYS_TIME_H 1
| #define HAVE_UNISTD_H 1
| #define HAVE_PTHREAD_H 1
| #define HAVE_EXECINFO_H 1
| #define HAVE__BOOL 1
| #define HAVE_STDBOOL_H 1
| /* end confdefs.h.  */
| #include <stdio.h>
| #ifdef HAVE_SYS_TYPES_H
| # include <sys/types.h>
| #endif
| #ifdef HAVE_SYS_STAT_H
| # include <sys/stat.h>
| #endif
| #ifdef STDC_HEADERS
| # include <stdlib.h>
| # include <stddef.h>
| #else
| # ifdef HAVE_STDLIB_H
| #  include <stdlib.h>
| # endif
| #endif
| #ifdef HAVE_STRING_H
| # if !defined STDC_HEADERS && defined HAVE_MEMORY_H
| #  include <memory.h>
| # endif
| # include <string.h>
| #endif
| #ifdef HAVE_STRINGS_H
| # include <strings.h>
| #endif
| #ifdef HAVE_INTTYPES_H
| # include <inttypes.h>
| #endif
| #ifdef HAVE_STDINT_H
| # include <stdint.h>
| #endif
| #ifdef HAVE_UNISTD_H
| # include <unistd.h>
| #endif
| int
| main ()
| {
| if (sizeof ((size_t)))
| 	    return 0;
|   ;
|   return 0;
| }
configure:5841: result: yes
configure:5852: checking whether time.h and sys/time.h may both be included
configure:5872: gcc -c -Wall -g -D_FILE_OFFSET_BITS=64 -O3 -DNDEBUG  -I/usr/local/include conftest.c >&5
configure:5872: $? = 0
configure:5879: result: yes
configure:5890: result: 
configure:5892: result: checking for library functions
configure:5895: result: ------------------------------
configure:5897: result: 
configure:5902: checking for pid_t
configure:5902: gcc -c -Wall -g -D_FILE_OFFSET_BITS=64 -O3 -DNDEBUG  -I/usr/local/include conftest.c >&5
configure:5902: $? = 0
configure:5902: gcc -c -Wall -g -D_FILE_OFFSET_BITS=64 -O3 -DNDEBUG  -I/usr/local/include conftest.c >&5
conftest.c: In function 'main':
conftest.c:75:20: error: expected expression before ')' token
 if (sizeof ((pid_t)))
                    ^
configure:5902: $? = 1
configure: failed program was:
| /* confdefs.h */
| #define PACKAGE_NAME "sphinx"
| #define PACKAGE_TARNAME "sphinx"
| #define PACKAGE_VERSION "1.11"
| #define PACKAGE_STRING "sphinx 1.11"
| #define PACKAGE_BUGREPORT "shodan(at)shodan.ru"
| #define PACKAGE_URL ""
| #define PACKAGE "sphinx"
| #define VERSION "1.11"
| #define COMPILER "gcc 4.8"
| #define OS_UNAME "Linux zjm-System-Product-Name 3.19.0-25-generic #26~14.04.1-Ubuntu SMP Fri Jul 24 21:16:20 UTC 2015 x86_64 x86_64 x86_64 GNU/Linux"
| #define STDC_HEADERS 1
| #define HAVE_SYS_WAIT_H 1
| #define HAVE_SYS_TYPES_H 1
| #define HAVE_SYS_STAT_H 1
| #define HAVE_STDLIB_H 1
| #define HAVE_STRING_H 1
| #define HAVE_MEMORY_H 1
| #define HAVE_STRINGS_H 1
| #define HAVE_INTTYPES_H 1
| #define HAVE_STDINT_H 1
| #define HAVE_UNISTD_H 1
| #define HAVE_FCNTL_H 1
| #define HAVE_LIMITS_H 1
| #define HAVE_NETDB_H 1
| #define HAVE_NETINET_IN_H 1
| #define HAVE_STDLIB_H 1
| #define HAVE_STRING_H 1
| #define HAVE_SYS_FILE_H 1
| #define HAVE_SYS_SOCKET_H 1
| #define HAVE_SYS_TIME_H 1
| #define HAVE_UNISTD_H 1
| #define HAVE_PTHREAD_H 1
| #define HAVE_EXECINFO_H 1
| #define HAVE__BOOL 1
| #define HAVE_STDBOOL_H 1
| #define TIME_WITH_SYS_TIME 1
| /* end confdefs.h.  */
| #include <stdio.h>
| #ifdef HAVE_SYS_TYPES_H
| # include <sys/types.h>
| #endif
| #ifdef HAVE_SYS_STAT_H
| # include <sys/stat.h>
| #endif
| #ifdef STDC_HEADERS
| # include <stdlib.h>
| # include <stddef.h>
| #else
| # ifdef HAVE_STDLIB_H
| #  include <stdlib.h>
| # endif
| #endif
| #ifdef HAVE_STRING_H
| # if !defined STDC_HEADERS && defined HAVE_MEMORY_H
| #  include <memory.h>
| # endif
| # include <string.h>
| #endif
| #ifdef HAVE_STRINGS_H
| # include <strings.h>
| #endif
| #ifdef HAVE_INTTYPES_H
| # include <inttypes.h>
| #endif
| #ifdef HAVE_STDINT_H
| # include <stdint.h>
| #endif
| #ifdef HAVE_UNISTD_H
| # include <unistd.h>
| #endif
| int
| main ()
| {
| if (sizeof ((pid_t)))
| 	    return 0;
|   ;
|   return 0;
| }
configure:5902: result: yes
configure:5915: checking vfork.h usability
configure:5915: gcc -c -Wall -g -D_FILE_OFFSET_BITS=64 -O3 -DNDEBUG  -I/usr/local/include conftest.c >&5
conftest.c:72:19: fatal error: vfork.h: No such file or directory
 #include <vfork.h>
                   ^
compilation terminated.
configure:5915: $? = 1
configure: failed program was:
| /* confdefs.h */
| #define PACKAGE_NAME "sphinx"
| #define PACKAGE_TARNAME "sphinx"
| #define PACKAGE_VERSION "1.11"
| #define PACKAGE_STRING "sphinx 1.11"
| #define PACKAGE_BUGREPORT "shodan(at)shodan.ru"
| #define PACKAGE_URL ""
| #define PACKAGE "sphinx"
| #define VERSION "1.11"
| #define COMPILER "gcc 4.8"
| #define OS_UNAME "Linux zjm-System-Product-Name 3.19.0-25-generic #26~14.04.1-Ubuntu SMP Fri Jul 24 21:16:20 UTC 2015 x86_64 x86_64 x86_64 GNU/Linux"
| #define STDC_HEADERS 1
| #define HAVE_SYS_WAIT_H 1
| #define HAVE_SYS_TYPES_H 1
| #define HAVE_SYS_STAT_H 1
| #define HAVE_STDLIB_H 1
| #define HAVE_STRING_H 1
| #define HAVE_MEMORY_H 1
| #define HAVE_STRINGS_H 1
| #define HAVE_INTTYPES_H 1
| #define HAVE_STDINT_H 1
| #define HAVE_UNISTD_H 1
| #define HAVE_FCNTL_H 1
| #define HAVE_LIMITS_H 1
| #define HAVE_NETDB_H 1
| #define HAVE_NETINET_IN_H 1
| #define HAVE_STDLIB_H 1
| #define HAVE_STRING_H 1
| #define HAVE_SYS_FILE_H 1
| #define HAVE_SYS_SOCKET_H 1
| #define HAVE_SYS_TIME_H 1
| #define HAVE_UNISTD_H 1
| #define HAVE_PTHREAD_H 1
| #define HAVE_EXECINFO_H 1
| #define HAVE__BOOL 1
| #define HAVE_STDBOOL_H 1
| #define TIME_WITH_SYS_TIME 1
| /* end confdefs.h.  */
| #include <stdio.h>
| #ifdef HAVE_SYS_TYPES_H
| # include <sys/types.h>
| #endif
| #ifdef HAVE_SYS_STAT_H
| # include <sys/stat.h>
| #endif
| #ifdef STDC_HEADERS
| # include <stdlib.h>
| # include <stddef.h>
| #else
| # ifdef HAVE_STDLIB_H
| #  include <stdlib.h>
| # endif
| #endif
| #ifdef HAVE_STRING_H
| # if !defined STDC_HEADERS && defined HAVE_MEMORY_H
| #  include <memory.h>
| # endif
| # include <string.h>
| #endif
| #ifdef HAVE_STRINGS_H
| # include <strings.h>
| #endif
| #ifdef HAVE_INTTYPES_H
| # include <inttypes.h>
| #endif
| #ifdef HAVE_STDINT_H
| # include <stdint.h>
| #endif
| #ifdef HAVE_UNISTD_H
| # include <unistd.h>
| #endif
| #include <vfork.h>
configure:5915: result: no
configure:5915: checking vfork.h presence
configure:5915: gcc -E  -I/usr/local/include conftest.c
conftest.c:39:19: fatal error: vfork.h: No such file or directory
 #include <vfork.h>
                   ^
compilation terminated.
configure:5915: $? = 1
configure: failed program was:
| /* confdefs.h */
| #define PACKAGE_NAME "sphinx"
| #define PACKAGE_TARNAME "sphinx"
| #define PACKAGE_VERSION "1.11"
| #define PACKAGE_STRING "sphinx 1.11"
| #define PACKAGE_BUGREPORT "shodan(at)shodan.ru"
| #define PACKAGE_URL ""
| #define PACKAGE "sphinx"
| #define VERSION "1.11"
| #define COMPILER "gcc 4.8"
| #define OS_UNAME "Linux zjm-System-Product-Name 3.19.0-25-generic #26~14.04.1-Ubuntu SMP Fri Jul 24 21:16:20 UTC 2015 x86_64 x86_64 x86_64 GNU/Linux"
| #define STDC_HEADERS 1
| #define HAVE_SYS_WAIT_H 1
| #define HAVE_SYS_TYPES_H 1
| #define HAVE_SYS_STAT_H 1
| #define HAVE_STDLIB_H 1
| #define HAVE_STRING_H 1
| #define HAVE_MEMORY_H 1
| #define HAVE_STRINGS_H 1
| #define HAVE_INTTYPES_H 1
| #define HAVE_STDINT_H 1
| #define HAVE_UNISTD_H 1
| #define HAVE_FCNTL_H 1
| #define HAVE_LIMITS_H 1
| #define HAVE_NETDB_H 1
| #define HAVE_NETINET_IN_H 1
| #define HAVE_STDLIB_H 1
| #define HAVE_STRING_H 1
| #define HAVE_SYS_FILE_H 1
| #define HAVE_SYS_SOCKET_H 1
| #define HAVE_SYS_TIME_H 1
| #define HAVE_UNISTD_H 1
| #define HAVE_PTHREAD_H 1
| #define HAVE_EXECINFO_H 1
| #define HAVE__BOOL 1
| #define HAVE_STDBOOL_H 1
| #define TIME_WITH_SYS_TIME 1
| /* end confdefs.h.  */
| #include <vfork.h>
configure:5915: result: no
configure:5915: checking for vfork.h
configure:5915: result: no
configure:5928: checking for fork
configure:5928: gcc -o conftest -Wall -g -D_FILE_OFFSET_BITS=64 -O3 -DNDEBUG  -I/usr/local/include  conftest.c  -L/usr/local/lib >&5
conftest.c:62:6: warning: conflicting types for built-in function 'fork' [enabled by default]
 char fork ();
      ^
configure:5928: $? = 0
configure:5928: result: yes
configure:5928: checking for vfork
configure:5928: gcc -o conftest -Wall -g -D_FILE_OFFSET_BITS=64 -O3 -DNDEBUG  -I/usr/local/include  conftest.c  -L/usr/local/lib >&5
configure:5928: $? = 0
configure:5928: result: yes
configure:5938: checking for working fork
configure:5960: gcc -o conftest -Wall -g -D_FILE_OFFSET_BITS=64 -O3 -DNDEBUG  -I/usr/local/include  conftest.c  -L/usr/local/lib >&5
configure:5960: $? = 0
configure:5960: ./conftest
configure:5960: $? = 0
configure:5970: result: yes
configure:5991: checking for working vfork
configure:6101: result: yes
configure:6128: checking for stdlib.h
configure:6128: result: yes
configure:6138: checking for GNU libc compatible malloc
configure:6162: gcc -o conftest -Wall -g -D_FILE_OFFSET_BITS=64 -O3 -DNDEBUG  -I/usr/local/include  conftest.c  -L/usr/local/lib >&5
configure:6162: $? = 0
configure:6162: ./conftest
configure:6162: $? = 0
configure:6172: result: yes
configure:6195: checking for stdlib.h
configure:6195: result: yes
configure:6205: checking for GNU libc compatible realloc
configure:6229: gcc -o conftest -Wall -g -D_FILE_OFFSET_BITS=64 -O3 -DNDEBUG  -I/usr/local/include  conftest.c  -L/usr/local/lib >&5
configure:6229: $? = 0
configure:6229: ./conftest
configure:6229: $? = 0
configure:6239: result: yes
configure:6263: checking sys/select.h usability
configure:6263: gcc -c -Wall -g -D_FILE_OFFSET_BITS=64 -O3 -DNDEBUG  -I/usr/local/include conftest.c >&5
configure:6263: $? = 0
configure:6263: result: yes
configure:6263: checking sys/select.h presence
configure:6263: gcc -E  -I/usr/local/include conftest.c
configure:6263: $? = 0
configure:6263: result: yes
configure:6263: checking for sys/select.h
configure:6263: result: yes
configure:6263: checking for sys/socket.h
configure:6263: result: yes
configure:6273: checking types of arguments for select
configure:6301: gcc -c -Wall -g -D_FILE_OFFSET_BITS=64 -O3 -DNDEBUG  -I/usr/local/include conftest.c >&5
configure:6301: $? = 0
configure:6312: result: int,fd_set *,struct timeval *
configure:6335: checking return type of signal handlers
configure:6353: gcc -c -Wall -g -D_FILE_OFFSET_BITS=64 -O3 -DNDEBUG  -I/usr/local/include conftest.c >&5
conftest.c: In function 'main':
conftest.c:58:1: error: void value not ignored as it ought to be
 return *(signal (0, 0)) (0) == 1;
 ^
configure:6353: $? = 1
configure: failed program was:
| /* confdefs.h */
| #define PACKAGE_NAME "sphinx"
| #define PACKAGE_TARNAME "sphinx"
| #define PACKAGE_VERSION "1.11"
| #define PACKAGE_STRING "sphinx 1.11"
| #define PACKAGE_BUGREPORT "shodan(at)shodan.ru"
| #define PACKAGE_URL ""
| #define PACKAGE "sphinx"
| #define VERSION "1.11"
| #define COMPILER "gcc 4.8"
| #define OS_UNAME "Linux zjm-System-Product-Name 3.19.0-25-generic #26~14.04.1-Ubuntu SMP Fri Jul 24 21:16:20 UTC 2015 x86_64 x86_64 x86_64 GNU/Linux"
| #define STDC_HEADERS 1
| #define HAVE_SYS_WAIT_H 1
| #define HAVE_SYS_TYPES_H 1
| #define HAVE_SYS_STAT_H 1
| #define HAVE_STDLIB_H 1
| #define HAVE_STRING_H 1
| #define HAVE_MEMORY_H 1
| #define HAVE_STRINGS_H 1
| #define HAVE_INTTYPES_H 1
| #define HAVE_STDINT_H 1
| #define HAVE_UNISTD_H 1
| #define HAVE_FCNTL_H 1
| #define HAVE_LIMITS_H 1
| #define HAVE_NETDB_H 1
| #define HAVE_NETINET_IN_H 1
| #define HAVE_STDLIB_H 1
| #define HAVE_STRING_H 1
| #define HAVE_SYS_FILE_H 1
| #define HAVE_SYS_SOCKET_H 1
| #define HAVE_SYS_TIME_H 1
| #define HAVE_UNISTD_H 1
| #define HAVE_PTHREAD_H 1
| #define HAVE_EXECINFO_H 1
| #define HAVE__BOOL 1
| #define HAVE_STDBOOL_H 1
| #define TIME_WITH_SYS_TIME 1
| #define HAVE_FORK 1
| #define HAVE_VFORK 1
| #define HAVE_WORKING_VFORK 1
| #define HAVE_WORKING_FORK 1
| #define HAVE_STDLIB_H 1
| #define HAVE_MALLOC 1
| #define HAVE_STDLIB_H 1
| #define HAVE_REALLOC 1
| #define HAVE_SYS_SELECT_H 1
| #define HAVE_SYS_SOCKET_H 1
| #define SELECT_TYPE_ARG1 int
| #define SELECT_TYPE_ARG234 (fd_set *)
| #define SELECT_TYPE_ARG5 (struct timeval *)
| /* end confdefs.h.  */
| #include <sys/types.h>
| #include <signal.h>
| 
| int
| main ()
| {
| return *(signal (0, 0)) (0) == 1;
|   ;
|   return 0;
| }
configure:6360: result: void
configure:6368: checking whether lstat correctly handles trailing slash
configure:6394: gcc -o conftest -Wall -g -D_FILE_OFFSET_BITS=64 -O3 -DNDEBUG  -I/usr/local/include  conftest.c  -L/usr/local/lib >&5
configure:6394: $? = 0
configure:6394: ./conftest
configure:6394: $? = 0
configure:6411: result: yes
configure:6430: checking whether stat accepts an empty string
configure:6450: gcc -o conftest -Wall -g -D_FILE_OFFSET_BITS=64 -O3 -DNDEBUG  -I/usr/local/include  conftest.c  -L/usr/local/lib >&5
configure:6450: $? = 0
configure:6450: ./conftest
configure:6450: $? = 0
configure:6460: result: no
configure:6478: checking for vprintf
configure:6478: gcc -o conftest -Wall -g -D_FILE_OFFSET_BITS=64 -O3 -DNDEBUG  -I/usr/local/include  conftest.c  -L/usr/local/lib >&5
conftest.c:77:6: warning: conflicting types for built-in function 'vprintf' [enabled by default]
 char vprintf ();
      ^
configure:6478: $? = 0
configure:6478: result: yes
configure:6484: checking for _doprnt
configure:6484: gcc -o conftest -Wall -g -D_FILE_OFFSET_BITS=64 -O3 -DNDEBUG  -I/usr/local/include  conftest.c  -L/usr/local/lib >&5
/tmp/cc2vZ5k3.o: In function `main':
/home/zjm/sphinx/coreseek/coreseek-4.1-beta/csft-4.1/conftest.c:89: undefined reference to `_doprnt'
collect2: error: ld returned 1 exit status
configure:6484: $? = 1
configure: failed program was:
| /* confdefs.h */
| #define PACKAGE_NAME "sphinx"
| #define PACKAGE_TARNAME "sphinx"
| #define PACKAGE_VERSION "1.11"
| #define PACKAGE_STRING "sphinx 1.11"
| #define PACKAGE_BUGREPORT "shodan(at)shodan.ru"
| #define PACKAGE_URL ""
| #define PACKAGE "sphinx"
| #define VERSION "1.11"
| #define COMPILER "gcc 4.8"
| #define OS_UNAME "Linux zjm-System-Product-Name 3.19.0-25-generic #26~14.04.1-Ubuntu SMP Fri Jul 24 21:16:20 UTC 2015 x86_64 x86_64 x86_64 GNU/Linux"
| #define STDC_HEADERS 1
| #define HAVE_SYS_WAIT_H 1
| #define HAVE_SYS_TYPES_H 1
| #define HAVE_SYS_STAT_H 1
| #define HAVE_STDLIB_H 1
| #define HAVE_STRING_H 1
| #define HAVE_MEMORY_H 1
| #define HAVE_STRINGS_H 1
| #define HAVE_INTTYPES_H 1
| #define HAVE_STDINT_H 1
| #define HAVE_UNISTD_H 1
| #define HAVE_FCNTL_H 1
| #define HAVE_LIMITS_H 1
| #define HAVE_NETDB_H 1
| #define HAVE_NETINET_IN_H 1
| #define HAVE_STDLIB_H 1
| #define HAVE_STRING_H 1
| #define HAVE_SYS_FILE_H 1
| #define HAVE_SYS_SOCKET_H 1
| #define HAVE_SYS_TIME_H 1
| #define HAVE_UNISTD_H 1
| #define HAVE_PTHREAD_H 1
| #define HAVE_EXECINFO_H 1
| #define HAVE__BOOL 1
| #define HAVE_STDBOOL_H 1
| #define TIME_WITH_SYS_TIME 1
| #define HAVE_FORK 1
| #define HAVE_VFORK 1
| #define HAVE_WORKING_VFORK 1
| #define HAVE_WORKING_FORK 1
| #define HAVE_STDLIB_H 1
| #define HAVE_MALLOC 1
| #define HAVE_STDLIB_H 1
| #define HAVE_REALLOC 1
| #define HAVE_SYS_SELECT_H 1
| #define HAVE_SYS_SOCKET_H 1
| #define SELECT_TYPE_ARG1 int
| #define SELECT_TYPE_ARG234 (fd_set *)
| #define SELECT_TYPE_ARG5 (struct timeval *)
| #define RETSIGTYPE void
| #define LSTAT_FOLLOWS_SLASHED_SYMLINK 1
| #define HAVE_VPRINTF 1
| /* end confdefs.h.  */
| /* Define _doprnt to an innocuous variant, in case <limits.h> declares _doprnt.
|    For example, HP-UX 11i <limits.h> declares gettimeofday.  */
| #define _doprnt innocuous__doprnt
| 
| /* System header to define __stub macros and hopefully few prototypes,
|     which can conflict with char _doprnt (); below.
|     Prefer <limits.h> to <assert.h> if __STDC__ is defined, since
|     <limits.h> exists even on freestanding compilers.  */
| 
| #ifdef __STDC__
| # include <limits.h>
| #else
| # include <assert.h>
| #endif
| 
| #undef _doprnt
| 
| /* Override any GCC internal prototype to avoid an error.
|    Use char because int might match the return type of a GCC
|    builtin and then its argument prototype would still apply.  */
| #ifdef __cplusplus
| extern "C"
| #endif
| char _doprnt ();
| /* The GNU C library defines this for functions which it implements
|     to always fail with ENOSYS.  Some functions are actually named
|     something starting with __ and the normal name is an alias.  */
| #if defined __stub__doprnt || defined __stub____doprnt
| choke me
| #endif
| 
| int
| main ()
| {
| return _doprnt ();
|   ;
|   return 0;
| }
configure:6484: result: no
configure:6495: checking for library containing setsockopt
configure:6526: gcc -o conftest -Wall -g -D_FILE_OFFSET_BITS=64 -O3 -DNDEBUG  -I/usr/local/include  conftest.c  -L/usr/local/lib >&5
configure:6526: $? = 0
configure:6543: result: none required
configure:6551: checking for library containing gethostbyname
configure:6582: gcc -o conftest -Wall -g -D_FILE_OFFSET_BITS=64 -O3 -DNDEBUG  -I/usr/local/include  conftest.c  -L/usr/local/lib >&5
configure:6582: $? = 0
configure:6599: result: none required
configure:6607: checking for library containing XML_Parse
configure:6638: gcc -o conftest -Wall -g -D_FILE_OFFSET_BITS=64 -O3 -DNDEBUG  -I/usr/local/include  conftest.c  -L/usr/local/lib >&5
/tmp/cc2Lw3mk.o: In function `main':
/home/zjm/sphinx/coreseek/coreseek-4.1-beta/csft-4.1/conftest.c:66: undefined reference to `XML_Parse'
collect2: error: ld returned 1 exit status
configure:6638: $? = 1
configure: failed program was:
| /* confdefs.h */
| #define PACKAGE_NAME "sphinx"
| #define PACKAGE_TARNAME "sphinx"
| #define PACKAGE_VERSION "1.11"
| #define PACKAGE_STRING "sphinx 1.11"
| #define PACKAGE_BUGREPORT "shodan(at)shodan.ru"
| #define PACKAGE_URL ""
| #define PACKAGE "sphinx"
| #define VERSION "1.11"
| #define COMPILER "gcc 4.8"
| #define OS_UNAME "Linux zjm-System-Product-Name 3.19.0-25-generic #26~14.04.1-Ubuntu SMP Fri Jul 24 21:16:20 UTC 2015 x86_64 x86_64 x86_64 GNU/Linux"
| #define STDC_HEADERS 1
| #define HAVE_SYS_WAIT_H 1
| #define HAVE_SYS_TYPES_H 1
| #define HAVE_SYS_STAT_H 1
| #define HAVE_STDLIB_H 1
| #define HAVE_STRING_H 1
| #define HAVE_MEMORY_H 1
| #define HAVE_STRINGS_H 1
| #define HAVE_INTTYPES_H 1
| #define HAVE_STDINT_H 1
| #define HAVE_UNISTD_H 1
| #define HAVE_FCNTL_H 1
| #define HAVE_LIMITS_H 1
| #define HAVE_NETDB_H 1
| #define HAVE_NETINET_IN_H 1
| #define HAVE_STDLIB_H 1
| #define HAVE_STRING_H 1
| #define HAVE_SYS_FILE_H 1
| #define HAVE_SYS_SOCKET_H 1
| #define HAVE_SYS_TIME_H 1
| #define HAVE_UNISTD_H 1
| #define HAVE_PTHREAD_H 1
| #define HAVE_EXECINFO_H 1
| #define HAVE__BOOL 1
| #define HAVE_STDBOOL_H 1
| #define TIME_WITH_SYS_TIME 1
| #define HAVE_FORK 1
| #define HAVE_VFORK 1
| #define HAVE_WORKING_VFORK 1
| #define HAVE_WORKING_FORK 1
| #define HAVE_STDLIB_H 1
| #define HAVE_MALLOC 1
| #define HAVE_STDLIB_H 1
| #define HAVE_REALLOC 1
| #define HAVE_SYS_SELECT_H 1
| #define HAVE_SYS_SOCKET_H 1
| #define SELECT_TYPE_ARG1 int
| #define SELECT_TYPE_ARG234 (fd_set *)
| #define SELECT_TYPE_ARG5 (struct timeval *)
| #define RETSIGTYPE void
| #define LSTAT_FOLLOWS_SLASHED_SYMLINK 1
| #define HAVE_VPRINTF 1
| /* end confdefs.h.  */
| 
| /* Override any GCC internal prototype to avoid an error.
|    Use char because int might match the return type of a GCC
|    builtin and then its argument prototype would still apply.  */
| #ifdef __cplusplus
| extern "C"
| #endif
| char XML_Parse ();
| int
| main ()
| {
| return XML_Parse ();
|   ;
|   return 0;
| }
configure:6638: gcc -o conftest -Wall -g -D_FILE_OFFSET_BITS=64 -O3 -DNDEBUG  -I/usr/local/include  conftest.c -lexpat   -L/usr/local/lib >&5
configure:6638: $? = 0
configure:6655: result: -lexpat
configure:6665: checking for library containing iconv
configure:6696: gcc -o conftest -Wall -g -D_FILE_OFFSET_BITS=64 -O3 -DNDEBUG  -I/usr/local/include  conftest.c -lexpat  -L/usr/local/lib >&5
configure:6696: $? = 0
configure:6713: result: none required
configure:6723: checking for library containing inflate
configure:6754: gcc -o conftest -Wall -g -D_FILE_OFFSET_BITS=64 -O3 -DNDEBUG  -I/usr/local/include  conftest.c -lexpat  -L/usr/local/lib >&5
/tmp/cc8CO7lF.o: In function `main':
/home/zjm/sphinx/coreseek/coreseek-4.1-beta/csft-4.1/conftest.c:66: undefined reference to `inflate'
collect2: error: ld returned 1 exit status
configure:6754: $? = 1
configure: failed program was:
| /* confdefs.h */
| #define PACKAGE_NAME "sphinx"
| #define PACKAGE_TARNAME "sphinx"
| #define PACKAGE_VERSION "1.11"
| #define PACKAGE_STRING "sphinx 1.11"
| #define PACKAGE_BUGREPORT "shodan(at)shodan.ru"
| #define PACKAGE_URL ""
| #define PACKAGE "sphinx"
| #define VERSION "1.11"
| #define COMPILER "gcc 4.8"
| #define OS_UNAME "Linux zjm-System-Product-Name 3.19.0-25-generic #26~14.04.1-Ubuntu SMP Fri Jul 24 21:16:20 UTC 2015 x86_64 x86_64 x86_64 GNU/Linux"
| #define STDC_HEADERS 1
| #define HAVE_SYS_WAIT_H 1
| #define HAVE_SYS_TYPES_H 1
| #define HAVE_SYS_STAT_H 1
| #define HAVE_STDLIB_H 1
| #define HAVE_STRING_H 1
| #define HAVE_MEMORY_H 1
| #define HAVE_STRINGS_H 1
| #define HAVE_INTTYPES_H 1
| #define HAVE_STDINT_H 1
| #define HAVE_UNISTD_H 1
| #define HAVE_FCNTL_H 1
| #define HAVE_LIMITS_H 1
| #define HAVE_NETDB_H 1
| #define HAVE_NETINET_IN_H 1
| #define HAVE_STDLIB_H 1
| #define HAVE_STRING_H 1
| #define HAVE_SYS_FILE_H 1
| #define HAVE_SYS_SOCKET_H 1
| #define HAVE_SYS_TIME_H 1
| #define HAVE_UNISTD_H 1
| #define HAVE_PTHREAD_H 1
| #define HAVE_EXECINFO_H 1
| #define HAVE__BOOL 1
| #define HAVE_STDBOOL_H 1
| #define TIME_WITH_SYS_TIME 1
| #define HAVE_FORK 1
| #define HAVE_VFORK 1
| #define HAVE_WORKING_VFORK 1
| #define HAVE_WORKING_FORK 1
| #define HAVE_STDLIB_H 1
| #define HAVE_MALLOC 1
| #define HAVE_STDLIB_H 1
| #define HAVE_REALLOC 1
| #define HAVE_SYS_SELECT_H 1
| #define HAVE_SYS_SOCKET_H 1
| #define SELECT_TYPE_ARG1 int
| #define SELECT_TYPE_ARG234 (fd_set *)
| #define SELECT_TYPE_ARG5 (struct timeval *)
| #define RETSIGTYPE void
| #define LSTAT_FOLLOWS_SLASHED_SYMLINK 1
| #define HAVE_VPRINTF 1
| /* end confdefs.h.  */
| 
| /* Override any GCC internal prototype to avoid an error.
|    Use char because int might match the return type of a GCC
|    builtin and then its argument prototype would still apply.  */
| #ifdef __cplusplus
| extern "C"
| #endif
| char inflate ();
| int
| main ()
| {
| return inflate ();
|   ;
|   return 0;
| }
configure:6754: gcc -o conftest -Wall -g -D_FILE_OFFSET_BITS=64 -O3 -DNDEBUG  -I/usr/local/include  conftest.c -lz  -lexpat  -L/usr/local/lib >&5
configure:6754: $? = 0
configure:6771: result: -lz
configure:6781: checking for library containing logf
configure:6812: gcc -o conftest -Wall -g -D_FILE_OFFSET_BITS=64 -O3 -DNDEBUG  -I/usr/local/include  conftest.c -lz -lexpat  -L/usr/local/lib >&5
conftest.c:62:6: warning: conflicting types for built-in function 'logf' [enabled by default]
 char logf ();
      ^
/tmp/ccSMpAKQ.o: In function `main':
/home/zjm/sphinx/coreseek/coreseek-4.1-beta/csft-4.1/conftest.c:66: undefined reference to `logf'
collect2: error: ld returned 1 exit status
configure:6812: $? = 1
configure: failed program was:
| /* confdefs.h */
| #define PACKAGE_NAME "sphinx"
| #define PACKAGE_TARNAME "sphinx"
| #define PACKAGE_VERSION "1.11"
| #define PACKAGE_STRING "sphinx 1.11"
| #define PACKAGE_BUGREPORT "shodan(at)shodan.ru"
| #define PACKAGE_URL ""
| #define PACKAGE "sphinx"
| #define VERSION "1.11"
| #define COMPILER "gcc 4.8"
| #define OS_UNAME "Linux zjm-System-Product-Name 3.19.0-25-generic #26~14.04.1-Ubuntu SMP Fri Jul 24 21:16:20 UTC 2015 x86_64 x86_64 x86_64 GNU/Linux"
| #define STDC_HEADERS 1
| #define HAVE_SYS_WAIT_H 1
| #define HAVE_SYS_TYPES_H 1
| #define HAVE_SYS_STAT_H 1
| #define HAVE_STDLIB_H 1
| #define HAVE_STRING_H 1
| #define HAVE_MEMORY_H 1
| #define HAVE_STRINGS_H 1
| #define HAVE_INTTYPES_H 1
| #define HAVE_STDINT_H 1
| #define HAVE_UNISTD_H 1
| #define HAVE_FCNTL_H 1
| #define HAVE_LIMITS_H 1
| #define HAVE_NETDB_H 1
| #define HAVE_NETINET_IN_H 1
| #define HAVE_STDLIB_H 1
| #define HAVE_STRING_H 1
| #define HAVE_SYS_FILE_H 1
| #define HAVE_SYS_SOCKET_H 1
| #define HAVE_SYS_TIME_H 1
| #define HAVE_UNISTD_H 1
| #define HAVE_PTHREAD_H 1
| #define HAVE_EXECINFO_H 1
| #define HAVE__BOOL 1
| #define HAVE_STDBOOL_H 1
| #define TIME_WITH_SYS_TIME 1
| #define HAVE_FORK 1
| #define HAVE_VFORK 1
| #define HAVE_WORKING_VFORK 1
| #define HAVE_WORKING_FORK 1
| #define HAVE_STDLIB_H 1
| #define HAVE_MALLOC 1
| #define HAVE_STDLIB_H 1
| #define HAVE_REALLOC 1
| #define HAVE_SYS_SELECT_H 1
| #define HAVE_SYS_SOCKET_H 1
| #define SELECT_TYPE_ARG1 int
| #define SELECT_TYPE_ARG234 (fd_set *)
| #define SELECT_TYPE_ARG5 (struct timeval *)
| #define RETSIGTYPE void
| #define LSTAT_FOLLOWS_SLASHED_SYMLINK 1
| #define HAVE_VPRINTF 1
| /* end confdefs.h.  */
| 
| /* Override any GCC internal prototype to avoid an error.
|    Use char because int might match the return type of a GCC
|    builtin and then its argument prototype would still apply.  */
| #ifdef __cplusplus
| extern "C"
| #endif
| char logf ();
| int
| main ()
| {
| return logf ();
|   ;
|   return 0;
| }
configure:6812: gcc -o conftest -Wall -g -D_FILE_OFFSET_BITS=64 -O3 -DNDEBUG  -I/usr/local/include  conftest.c -lm  -lz -lexpat  -L/usr/local/lib >&5
conftest.c:62:6: warning: conflicting types for built-in function 'logf' [enabled by default]
 char logf ();
      ^
configure:6812: $? = 0
configure:6829: result: -lm
configure:6840: checking for dup2
configure:6840: gcc -o conftest -Wall -g -D_FILE_OFFSET_BITS=64 -O3 -DNDEBUG  -I/usr/local/include  conftest.c -lm -lz -lexpat  -L/usr/local/lib >&5
configure:6840: $? = 0
configure:6840: result: yes
configure:6840: checking for gethostbyname
configure:6840: gcc -o conftest -Wall -g -D_FILE_OFFSET_BITS=64 -O3 -DNDEBUG  -I/usr/local/include  conftest.c -lm -lz -lexpat  -L/usr/local/lib >&5
configure:6840: $? = 0
configure:6840: result: yes
configure:6840: checking for gettimeofday
configure:6840: gcc -o conftest -Wall -g -D_FILE_OFFSET_BITS=64 -O3 -DNDEBUG  -I/usr/local/include  conftest.c -lm -lz -lexpat  -L/usr/local/lib >&5
configure:6840: $? = 0
configure:6840: result: yes
configure:6840: checking for memmove
configure:6840: gcc -o conftest -Wall -g -D_FILE_OFFSET_BITS=64 -O3 -DNDEBUG  -I/usr/local/include  conftest.c -lm -lz -lexpat  -L/usr/local/lib >&5
conftest.c:81:6: warning: conflicting types for built-in function 'memmove' [enabled by default]
 char memmove ();
      ^
configure:6840: $? = 0
configure:6840: result: yes
configure:6840: checking for memset
configure:6840: gcc -o conftest -Wall -g -D_FILE_OFFSET_BITS=64 -O3 -DNDEBUG  -I/usr/local/include  conftest.c -lm -lz -lexpat  -L/usr/local/lib >&5
conftest.c:82:6: warning: conflicting types for built-in function 'memset' [enabled by default]
 char memset ();
      ^
configure:6840: $? = 0
configure:6840: result: yes
configure:6840: checking for select
configure:6840: gcc -o conftest -Wall -g -D_FILE_OFFSET_BITS=64 -O3 -DNDEBUG  -I/usr/local/include  conftest.c -lm -lz -lexpat  -L/usr/local/lib >&5
configure:6840: $? = 0
configure:6840: result: yes
configure:6840: checking for socket
configure:6840: gcc -o conftest -Wall -g -D_FILE_OFFSET_BITS=64 -O3 -DNDEBUG  -I/usr/local/include  conftest.c -lm -lz -lexpat  -L/usr/local/lib >&5
configure:6840: $? = 0
configure:6840: result: yes
configure:6840: checking for strcasecmp
configure:6840: gcc -o conftest -Wall -g -D_FILE_OFFSET_BITS=64 -O3 -DNDEBUG  -I/usr/local/include  conftest.c -lm -lz -lexpat  -L/usr/local/lib >&5
conftest.c:85:6: warning: conflicting types for built-in function 'strcasecmp' [enabled by default]
 char strcasecmp ();
      ^
configure:6840: $? = 0
configure:6840: result: yes
configure:6840: checking for strchr
configure:6840: gcc -o conftest -Wall -g -D_FILE_OFFSET_BITS=64 -O3 -DNDEBUG  -I/usr/local/include  conftest.c -lm -lz -lexpat  -L/usr/local/lib >&5
conftest.c:86:6: warning: conflicting types for built-in function 'strchr' [enabled by default]
 char strchr ();
      ^
configure:6840: $? = 0
configure:6840: result: yes
configure:6840: checking for strerror
configure:6840: gcc -o conftest -Wall -g -D_FILE_OFFSET_BITS=64 -O3 -DNDEBUG  -I/usr/local/include  conftest.c -lm -lz -lexpat  -L/usr/local/lib >&5
configure:6840: $? = 0
configure:6840: result: yes
configure:6840: checking for strncasecmp
configure:6840: gcc -o conftest -Wall -g -D_FILE_OFFSET_BITS=64 -O3 -DNDEBUG  -I/usr/local/include  conftest.c -lm -lz -lexpat  -L/usr/local/lib >&5
conftest.c:88:6: warning: conflicting types for built-in function 'strncasecmp' [enabled by default]
 char strncasecmp ();
      ^
configure:6840: $? = 0
configure:6840: result: yes
configure:6840: checking for strstr
configure:6840: gcc -o conftest -Wall -g -D_FILE_OFFSET_BITS=64 -O3 -DNDEBUG  -I/usr/local/include  conftest.c -lm -lz -lexpat  -L/usr/local/lib >&5
conftest.c:89:6: warning: conflicting types for built-in function 'strstr' [enabled by default]
 char strstr ();
      ^
configure:6840: $? = 0
configure:6840: result: yes
configure:6840: checking for strtol
configure:6840: gcc -o conftest -Wall -g -D_FILE_OFFSET_BITS=64 -O3 -DNDEBUG  -I/usr/local/include  conftest.c -lm -lz -lexpat  -L/usr/local/lib >&5
configure:6840: $? = 0
configure:6840: result: yes
configure:6840: checking for logf
configure:6840: gcc -o conftest -Wall -g -D_FILE_OFFSET_BITS=64 -O3 -DNDEBUG  -I/usr/local/include  conftest.c -lm -lz -lexpat  -L/usr/local/lib >&5
conftest.c:91:6: warning: conflicting types for built-in function 'logf' [enabled by default]
 char logf ();
      ^
configure:6840: $? = 0
configure:6840: result: yes
configure:6840: checking for pread
configure:6840: gcc -o conftest -Wall -g -D_FILE_OFFSET_BITS=64 -O3 -DNDEBUG  -I/usr/local/include  conftest.c -lm -lz -lexpat  -L/usr/local/lib >&5
configure:6840: $? = 0
configure:6840: result: yes
configure:6852: checking for backtrace
configure:6852: gcc -o conftest -Wall -g -D_FILE_OFFSET_BITS=64 -O3 -DNDEBUG  -I/usr/local/include  conftest.c -lm -lz -lexpat  -L/usr/local/lib >&5
configure:6852: $? = 0
configure:6852: result: yes
configure:6852: checking for backtrace_symbols
configure:6852: gcc -o conftest -Wall -g -D_FILE_OFFSET_BITS=64 -O3 -DNDEBUG  -I/usr/local/include  conftest.c -lm -lz -lexpat  -L/usr/local/lib >&5
configure:6852: $? = 0
configure:6852: result: yes
configure:6866: checking for clock_gettime in -lrt
configure:6891: gcc -o conftest -Wall -g -D_FILE_OFFSET_BITS=64 -O3 -DNDEBUG  -I/usr/local/include  conftest.c -lrt   >&5
configure:6891: $? = 0
configure:6900: result: yes
configure:6919: checking for clock_gettime
configure:6919: gcc -o conftest -Wall -g -D_FILE_OFFSET_BITS=64 -O3 -DNDEBUG  -I/usr/local/include  conftest.c -lm -lz -lexpat  -L/usr/local/lib -lrt  >&5
configure:6919: $? = 0
configure:6919: result: yes
configure:6930: checking for LOCK_EX in sys/file.h
configure:6955: result: yes
configure:6964: checking for F_SETLKW in fcntl.h
configure:6989: result: yes
configure:7001: checking for dlopen in -ldl
configure:7026: gcc -o conftest -Wall -g -D_FILE_OFFSET_BITS=64 -O3 -DNDEBUG  -I/usr/local/include  conftest.c -ldl  -lm -lz -lexpat  -L/usr/local/lib -lrt  >&5
configure:7026: $? = 0
configure:7035: result: yes
configure:7049: checking for dlopen
configure:7049: gcc -o conftest -Wall -g -D_FILE_OFFSET_BITS=64 -O3 -DNDEBUG  -I/usr/local/include  conftest.c -ldl -lm -lz -lexpat  -L/usr/local/lib -lrt  >&5
configure:7049: $? = 0
configure:7049: result: yes
configure:7049: checking for dlerror
configure:7049: gcc -o conftest -Wall -g -D_FILE_OFFSET_BITS=64 -O3 -DNDEBUG  -I/usr/local/include  conftest.c -ldl -lm -lz -lexpat  -L/usr/local/lib -lrt  >&5
configure:7049: $? = 0
configure:7049: result: yes
configure:7061: result: 
configure:7063: result: configuring Sphinx
configure:7066: result: ------------------
configure:7068: result: 
configure:7102: checking for CFLAGS needed for pthreads
configure:7121: gcc -o conftest -Wall -g -D_FILE_OFFSET_BITS=64 -O3 -DNDEBUG  -I/usr/local/include  conftest.c -ldl -lm -lz -lexpat  -L/usr/local/lib -lrt  >&5
conftest.c: In function 'main':
conftest.c:92:17: warning: unused variable 'once_init' [-Wunused-variable]
  pthread_once_t once_init = PTHREAD_ONCE_INIT;
                 ^
/tmp/cc8xmbcg.o: In function `main':
/home/zjm/sphinx/coreseek/coreseek-4.1-beta/csft-4.1/conftest.c:95: undefined reference to `pthread_mutexattr_init'
/home/zjm/sphinx/coreseek/coreseek-4.1-beta/csft-4.1/conftest.c:96: undefined reference to `pthread_create'
collect2: error: ld returned 1 exit status
configure:7121: $? = 1
configure: program exited with status 1
configure: failed program was:
| /* confdefs.h */
| #define PACKAGE_NAME "sphinx"
| #define PACKAGE_TARNAME "sphinx"
| #define PACKAGE_VERSION "1.11"
| #define PACKAGE_STRING "sphinx 1.11"
| #define PACKAGE_BUGREPORT "shodan(at)shodan.ru"
| #define PACKAGE_URL ""
| #define PACKAGE "sphinx"
| #define VERSION "1.11"
| #define COMPILER "gcc 4.8"
| #define OS_UNAME "Linux zjm-System-Product-Name 3.19.0-25-generic #26~14.04.1-Ubuntu SMP Fri Jul 24 21:16:20 UTC 2015 x86_64 x86_64 x86_64 GNU/Linux"
| #define STDC_HEADERS 1
| #define HAVE_SYS_WAIT_H 1
| #define HAVE_SYS_TYPES_H 1
| #define HAVE_SYS_STAT_H 1
| #define HAVE_STDLIB_H 1
| #define HAVE_STRING_H 1
| #define HAVE_MEMORY_H 1
| #define HAVE_STRINGS_H 1
| #define HAVE_INTTYPES_H 1
| #define HAVE_STDINT_H 1
| #define HAVE_UNISTD_H 1
| #define HAVE_FCNTL_H 1
| #define HAVE_LIMITS_H 1
| #define HAVE_NETDB_H 1
| #define HAVE_NETINET_IN_H 1
| #define HAVE_STDLIB_H 1
| #define HAVE_STRING_H 1
| #define HAVE_SYS_FILE_H 1
| #define HAVE_SYS_SOCKET_H 1
| #define HAVE_SYS_TIME_H 1
| #define HAVE_UNISTD_H 1
| #define HAVE_PTHREAD_H 1
| #define HAVE_EXECINFO_H 1
| #define HAVE__BOOL 1
| #define HAVE_STDBOOL_H 1
| #define TIME_WITH_SYS_TIME 1
| #define HAVE_FORK 1
| #define HAVE_VFORK 1
| #define HAVE_WORKING_VFORK 1
| #define HAVE_WORKING_FORK 1
| #define HAVE_STDLIB_H 1
| #define HAVE_MALLOC 1
| #define HAVE_STDLIB_H 1
| #define HAVE_REALLOC 1
| #define HAVE_SYS_SELECT_H 1
| #define HAVE_SYS_SOCKET_H 1
| #define SELECT_TYPE_ARG1 int
| #define SELECT_TYPE_ARG234 (fd_set *)
| #define SELECT_TYPE_ARG5 (struct timeval *)
| #define RETSIGTYPE void
| #define LSTAT_FOLLOWS_SLASHED_SYMLINK 1
| #define HAVE_VPRINTF 1
| #define HAVE_DUP2 1
| #define HAVE_GETHOSTBYNAME 1
| #define HAVE_GETTIMEOFDAY 1
| #define HAVE_MEMMOVE 1
| #define HAVE_MEMSET 1
| #define HAVE_SELECT 1
| #define HAVE_SOCKET 1
| #define HAVE_STRCASECMP 1
| #define HAVE_STRCHR 1
| #define HAVE_STRERROR 1
| #define HAVE_STRNCASECMP 1
| #define HAVE_STRSTR 1
| #define HAVE_STRTOL 1
| #define HAVE_LOGF 1
| #define HAVE_PREAD 1
| #define HAVE_BACKTRACE 1
| #define HAVE_BACKTRACE_SYMBOLS 1
| #define HAVE_LIBRT 1
| #define HAVE_CLOCK_GETTIME 1
| #define HAVE_LOCK_EX 1
| #define HAVE_F_SETLKW 1
| #define HAVE_LIBDL 1
| #define HAVE_DLOPEN 1
| #define HAVE_DLERROR 1
| /* end confdefs.h.  */
| 
| #include <pthread.h>
| #include <stddef.h>
| 
| void * thread_routine ( void * data )
| {
| 	return data;
| }
| 
| int main ()
| {
| 	pthread_t thd;
| 	pthread_mutexattr_t mattr;
| 	pthread_once_t once_init = PTHREAD_ONCE_INIT;
| 	int data = 1;
| 
| 	pthread_mutexattr_init ( &mattr );
| 	return pthread_create ( &thd, NULL, thread_routine, &data );
| }
| 
configure:7121: gcc -o conftest -Wall -g -D_FILE_OFFSET_BITS=64 -O3 -DNDEBUG -kthread  -I/usr/local/include  conftest.c -ldl -lm -lz -lexpat  -L/usr/local/lib -lrt  >&5
gcc: error: unrecognized command line option '-kthread'
configure:7121: $? = 1
configure: program exited with status 1
configure: failed program was:
| /* confdefs.h */
| #define PACKAGE_NAME "sphinx"
| #define PACKAGE_TARNAME "sphinx"
| #define PACKAGE_VERSION "1.11"
| #define PACKAGE_STRING "sphinx 1.11"
| #define PACKAGE_BUGREPORT "shodan(at)shodan.ru"
| #define PACKAGE_URL ""
| #define PACKAGE "sphinx"
| #define VERSION "1.11"
| #define COMPILER "gcc 4.8"
| #define OS_UNAME "Linux zjm-System-Product-Name 3.19.0-25-generic #26~14.04.1-Ubuntu SMP Fri Jul 24 21:16:20 UTC 2015 x86_64 x86_64 x86_64 GNU/Linux"
| #define STDC_HEADERS 1
| #define HAVE_SYS_WAIT_H 1
| #define HAVE_SYS_TYPES_H 1
| #define HAVE_SYS_STAT_H 1
| #define HAVE_STDLIB_H 1
| #define HAVE_STRING_H 1
| #define HAVE_MEMORY_H 1
| #define HAVE_STRINGS_H 1
| #define HAVE_INTTYPES_H 1
| #define HAVE_STDINT_H 1
| #define HAVE_UNISTD_H 1
| #define HAVE_FCNTL_H 1
| #define HAVE_LIMITS_H 1
| #define HAVE_NETDB_H 1
| #define HAVE_NETINET_IN_H 1
| #define HAVE_STDLIB_H 1
| #define HAVE_STRING_H 1
| #define HAVE_SYS_FILE_H 1
| #define HAVE_SYS_SOCKET_H 1
| #define HAVE_SYS_TIME_H 1
| #define HAVE_UNISTD_H 1
| #define HAVE_PTHREAD_H 1
| #define HAVE_EXECINFO_H 1
| #define HAVE__BOOL 1
| #define HAVE_STDBOOL_H 1
| #define TIME_WITH_SYS_TIME 1
| #define HAVE_FORK 1
| #define HAVE_VFORK 1
| #define HAVE_WORKING_VFORK 1
| #define HAVE_WORKING_FORK 1
| #define HAVE_STDLIB_H 1
| #define HAVE_MALLOC 1
| #define HAVE_STDLIB_H 1
| #define HAVE_REALLOC 1
| #define HAVE_SYS_SELECT_H 1
| #define HAVE_SYS_SOCKET_H 1
| #define SELECT_TYPE_ARG1 int
| #define SELECT_TYPE_ARG234 (fd_set *)
| #define SELECT_TYPE_ARG5 (struct timeval *)
| #define RETSIGTYPE void
| #define LSTAT_FOLLOWS_SLASHED_SYMLINK 1
| #define HAVE_VPRINTF 1
| #define HAVE_DUP2 1
| #define HAVE_GETHOSTBYNAME 1
| #define HAVE_GETTIMEOFDAY 1
| #define HAVE_MEMMOVE 1
| #define HAVE_MEMSET 1
| #define HAVE_SELECT 1
| #define HAVE_SOCKET 1
| #define HAVE_STRCASECMP 1
| #define HAVE_STRCHR 1
| #define HAVE_STRERROR 1
| #define HAVE_STRNCASECMP 1
| #define HAVE_STRSTR 1
| #define HAVE_STRTOL 1
| #define HAVE_LOGF 1
| #define HAVE_PREAD 1
| #define HAVE_BACKTRACE 1
| #define HAVE_BACKTRACE_SYMBOLS 1
| #define HAVE_LIBRT 1
| #define HAVE_CLOCK_GETTIME 1
| #define HAVE_LOCK_EX 1
| #define HAVE_F_SETLKW 1
| #define HAVE_LIBDL 1
| #define HAVE_DLOPEN 1
| #define HAVE_DLERROR 1
| /* end confdefs.h.  */
| 
| #include <pthread.h>
| #include <stddef.h>
| 
| void * thread_routine ( void * data )
| {
| 	return data;
| }
| 
| int main ()
| {
| 	pthread_t thd;
| 	pthread_mutexattr_t mattr;
| 	pthread_once_t once_init = PTHREAD_ONCE_INIT;
| 	int data = 1;
| 
| 	pthread_mutexattr_init ( &mattr );
| 	return pthread_create ( &thd, NULL, thread_routine, &data );
| }
| 
configure:7121: gcc -o conftest -Wall -g -D_FILE_OFFSET_BITS=64 -O3 -DNDEBUG -pthread  -I/usr/local/include  conftest.c -ldl -lm -lz -lexpat  -L/usr/local/lib -lrt  >&5
conftest.c: In function 'main':
conftest.c:92:17: warning: unused variable 'once_init' [-Wunused-variable]
  pthread_once_t once_init = PTHREAD_ONCE_INIT;
                 ^
configure:7121: $? = 0
configure:7121: ./conftest
configure:7121: $? = 0
configure:7159: result: -pthread
configure:7170: checking for LIBS needed for pthreads
configure:7188: gcc -o conftest -Wall -g -D_FILE_OFFSET_BITS=64 -O3 -DNDEBUG  -I/usr/local/include -pthread  conftest.c -ldl -lm -lz -lexpat  -L/usr/local/lib -lrt  -lpthread >&5
conftest.c: In function 'main':
conftest.c:92:17: warning: unused variable 'once_init' [-Wunused-variable]
  pthread_once_t once_init = PTHREAD_ONCE_INIT;
                 ^
configure:7188: $? = 0
configure:7188: ./conftest
configure:7188: $? = 0
configure:7227: result: -lpthread
configure:7236: checking for pthreads
configure:7240: result: found
configure:7252: checking for pthread_mutex_timedlock
configure:7252: gcc -o conftest -Wall -g -D_FILE_OFFSET_BITS=64 -O3 -DNDEBUG  -I/usr/local/include -pthread  conftest.c -ldl -lm -lz -lexpat  -L/usr/local/lib -lrt  -lpthread >&5
configure:7252: $? = 0
configure:7252: result: yes
configure:7273: checking whether to compile with MySQL support
configure:7276: result: yes
configure:7319: checking for mysql_config
configure:7330: result: mysql_config
configure:7421: checking for mysql_real_connect
configure:7421: gcc -o conftest -Wall -g -D_FILE_OFFSET_BITS=64 -O3 -DNDEBUG -I/usr/include/mysql -DBIG_JOINS=1  -fno-strict-aliasing    -g -DNDEBUG  -I/usr/local/include -pthread  conftest.c -ldl -lm -lz -lexpat  -L/usr/local/lib -lrt  -lpthread -L/usr/lib/x86_64-linux-gnu -lmysqlclient -lpthread -lz -lm -ldl >&5
configure:7421: $? = 0
configure:7421: result: yes
configure:7458: checking MySQL include files
configure:7482: result: -I/usr/include/mysql -DBIG_JOINS=1  -fno-strict-aliasing    -g -DNDEBUG
configure:7487: checking MySQL libraries
configure:7511: result: -L/usr/lib/x86_64-linux-gnu -lmysqlclient -lpthread -lz -lm -ldl
configure:7545: checking whether to link statically with MySQL support
configure:7793: result: no
configure:7808: checking whether to compile with PostgreSQL support
configure:7946: result: no
configure:7968: checking whether to compile with libmmseg support
configure:7971: result: yes
configure:8038: checking libmmseg include files
configure:8051: result: -I/usr/local/mmseg3/include/mmseg/
configure:8055: checking libmmseg libraries
configure:8068: result: -L/usr/local/mmseg3/lib/ -lmmseg
configure:8111: checking whether to use 64-bit document/word IDs
configure:8129: result: no
configure:8144: checking whether to compile with libstemmer support
configure:8162: result: no
configure:8179: checking for libexpat
configure:8185: result: found
configure:8205: checking for libiconv
configure:8215: result: found
configure:8218: checking for iconv() arg types
configure:8243: g++ -c -Wall -g -D_FILE_OFFSET_BITS=64 -O3 -DNDEBUG  -I/usr/local/include -pthread -I/usr/include/mysql -DBIG_JOINS=1  -fno-strict-aliasing    -g -DNDEBUG  -I/usr/local/mmseg3/include/mmseg/  conftest.cpp >&5
conftest.cpp: In function 'int main()':
conftest.cpp:94:41: error: invalid conversion from 'const char**' to 'char**' [-fpermissive]
    iconv ( cd, &inbuf, NULL, NULL, NULL );
                                         ^
In file included from conftest.cpp:87:0:
/usr/include/iconv.h:42:15: error:   initializing argument 2 of 'size_t iconv(iconv_t, char**, size_t*, char**, size_t*)' [-fpermissive]
 extern size_t iconv (iconv_t __cd, char **__restrict __inbuf,
               ^
configure:8243: $? = 1
configure: failed program was:
| /* confdefs.h */
| #define PACKAGE_NAME "sphinx"
| #define PACKAGE_TARNAME "sphinx"
| #define PACKAGE_VERSION "1.11"
| #define PACKAGE_STRING "sphinx 1.11"
| #define PACKAGE_BUGREPORT "shodan(at)shodan.ru"
| #define PACKAGE_URL ""
| #define PACKAGE "sphinx"
| #define VERSION "1.11"
| #define COMPILER "gcc 4.8"
| #define OS_UNAME "Linux zjm-System-Product-Name 3.19.0-25-generic #26~14.04.1-Ubuntu SMP Fri Jul 24 21:16:20 UTC 2015 x86_64 x86_64 x86_64 GNU/Linux"
| #define STDC_HEADERS 1
| #define HAVE_SYS_WAIT_H 1
| #define HAVE_SYS_TYPES_H 1
| #define HAVE_SYS_STAT_H 1
| #define HAVE_STDLIB_H 1
| #define HAVE_STRING_H 1
| #define HAVE_MEMORY_H 1
| #define HAVE_STRINGS_H 1
| #define HAVE_INTTYPES_H 1
| #define HAVE_STDINT_H 1
| #define HAVE_UNISTD_H 1
| #define HAVE_FCNTL_H 1
| #define HAVE_LIMITS_H 1
| #define HAVE_NETDB_H 1
| #define HAVE_NETINET_IN_H 1
| #define HAVE_STDLIB_H 1
| #define HAVE_STRING_H 1
| #define HAVE_SYS_FILE_H 1
| #define HAVE_SYS_SOCKET_H 1
| #define HAVE_SYS_TIME_H 1
| #define HAVE_UNISTD_H 1
| #define HAVE_PTHREAD_H 1
| #define HAVE_EXECINFO_H 1
| #define HAVE__BOOL 1
| #define HAVE_STDBOOL_H 1
| #define TIME_WITH_SYS_TIME 1
| #define HAVE_FORK 1
| #define HAVE_VFORK 1
| #define HAVE_WORKING_VFORK 1
| #define HAVE_WORKING_FORK 1
| #define HAVE_STDLIB_H 1
| #define HAVE_MALLOC 1
| #define HAVE_STDLIB_H 1
| #define HAVE_REALLOC 1
| #define HAVE_SYS_SELECT_H 1
| #define HAVE_SYS_SOCKET_H 1
| #define SELECT_TYPE_ARG1 int
| #define SELECT_TYPE_ARG234 (fd_set *)
| #define SELECT_TYPE_ARG5 (struct timeval *)
| #define RETSIGTYPE void
| #define LSTAT_FOLLOWS_SLASHED_SYMLINK 1
| #define HAVE_VPRINTF 1
| #define HAVE_DUP2 1
| #define HAVE_GETHOSTBYNAME 1
| #define HAVE_GETTIMEOFDAY 1
| #define HAVE_MEMMOVE 1
| #define HAVE_MEMSET 1
| #define HAVE_SELECT 1
| #define HAVE_SOCKET 1
| #define HAVE_STRCASECMP 1
| #define HAVE_STRCHR 1
| #define HAVE_STRERROR 1
| #define HAVE_STRNCASECMP 1
| #define HAVE_STRSTR 1
| #define HAVE_STRTOL 1
| #define HAVE_LOGF 1
| #define HAVE_PREAD 1
| #define HAVE_BACKTRACE 1
| #define HAVE_BACKTRACE_SYMBOLS 1
| #define HAVE_LIBRT 1
| #define HAVE_CLOCK_GETTIME 1
| #define HAVE_LOCK_EX 1
| #define HAVE_F_SETLKW 1
| #define HAVE_LIBDL 1
| #define HAVE_DLOPEN 1
| #define HAVE_DLERROR 1
| #define HAVE_PTHREAD_MUTEX_TIMEDLOCK 1
| #define USE_MYSQL 1
| #define USE_MMSEG 1
| #define USE_64BIT 0
| #define USE_LIBSTEMMER 0
| #define USE_LIBEXPAT 1
| #define USE_LIBICONV 1
| /* end confdefs.h.  */
| 
| 			#include <iconv.h>
| 			#include <stdio.h>
| int
| main ()
| {
| const char * inbuf;
| 			iconv_t cd;
| 			iconv ( cd, &inbuf, NULL, NULL, NULL );
| 
|   ;
|   return 0;
| }
configure:8265: result: char **
configure:8302: checking for UnixODBC
configure:8378: result: disabled
configure:8393: checking for Syslog
configure:8407: result: disabled
configure:8412: checking for unaligned RAM access
configure:8459: g++ -o conftest -Wall -g -D_FILE_OFFSET_BITS=64 -O3 -DNDEBUG  -I/usr/local/include -pthread -I/usr/include/mysql -DBIG_JOINS=1  -fno-strict-aliasing    -g -DNDEBUG  -I/usr/local/mmseg3/include/mmseg/   conftest.cpp -ldl -lm -lz -lexpat  -L/usr/local/lib -lrt  -lpthread  >&5
conftest.cpp: In function 'int main()':
conftest.cpp:95:32: warning: comparison between signed and unsigned integer expressions [-Wsign-compare]
   for ( int i=0; i<8*sizeof(int); i++ )
                                ^
configure:8459: $? = 0
configure:8459: ./conftest
configure:8459: $? = 0
configure:8470: result: yes
configure:8483: checking whether byte ordering is bigendian
configure:8498: g++ -c -Wall -g -D_FILE_OFFSET_BITS=64 -O3 -DNDEBUG  -I/usr/local/include -pthread -I/usr/include/mysql -DBIG_JOINS=1  -fno-strict-aliasing    -g -DNDEBUG  -I/usr/local/mmseg3/include/mmseg/  conftest.cpp >&5
conftest.cpp:90:9: error: expected unqualified-id before 'not' token
         not a universal capable compiler
         ^
configure:8498: $? = 1
configure: failed program was:
| /* confdefs.h */
| #define PACKAGE_NAME "sphinx"
| #define PACKAGE_TARNAME "sphinx"
| #define PACKAGE_VERSION "1.11"
| #define PACKAGE_STRING "sphinx 1.11"
| #define PACKAGE_BUGREPORT "shodan(at)shodan.ru"
| #define PACKAGE_URL ""
| #define PACKAGE "sphinx"
| #define VERSION "1.11"
| #define COMPILER "gcc 4.8"
| #define OS_UNAME "Linux zjm-System-Product-Name 3.19.0-25-generic #26~14.04.1-Ubuntu SMP Fri Jul 24 21:16:20 UTC 2015 x86_64 x86_64 x86_64 GNU/Linux"
| #define STDC_HEADERS 1
| #define HAVE_SYS_WAIT_H 1
| #define HAVE_SYS_TYPES_H 1
| #define HAVE_SYS_STAT_H 1
| #define HAVE_STDLIB_H 1
| #define HAVE_STRING_H 1
| #define HAVE_MEMORY_H 1
| #define HAVE_STRINGS_H 1
| #define HAVE_INTTYPES_H 1
| #define HAVE_STDINT_H 1
| #define HAVE_UNISTD_H 1
| #define HAVE_FCNTL_H 1
| #define HAVE_LIMITS_H 1
| #define HAVE_NETDB_H 1
| #define HAVE_NETINET_IN_H 1
| #define HAVE_STDLIB_H 1
| #define HAVE_STRING_H 1
| #define HAVE_SYS_FILE_H 1
| #define HAVE_SYS_SOCKET_H 1
| #define HAVE_SYS_TIME_H 1
| #define HAVE_UNISTD_H 1
| #define HAVE_PTHREAD_H 1
| #define HAVE_EXECINFO_H 1
| #define HAVE__BOOL 1
| #define HAVE_STDBOOL_H 1
| #define TIME_WITH_SYS_TIME 1
| #define HAVE_FORK 1
| #define HAVE_VFORK 1
| #define HAVE_WORKING_VFORK 1
| #define HAVE_WORKING_FORK 1
| #define HAVE_STDLIB_H 1
| #define HAVE_MALLOC 1
| #define HAVE_STDLIB_H 1
| #define HAVE_REALLOC 1
| #define HAVE_SYS_SELECT_H 1
| #define HAVE_SYS_SOCKET_H 1
| #define SELECT_TYPE_ARG1 int
| #define SELECT_TYPE_ARG234 (fd_set *)
| #define SELECT_TYPE_ARG5 (struct timeval *)
| #define RETSIGTYPE void
| #define LSTAT_FOLLOWS_SLASHED_SYMLINK 1
| #define HAVE_VPRINTF 1
| #define HAVE_DUP2 1
| #define HAVE_GETHOSTBYNAME 1
| #define HAVE_GETTIMEOFDAY 1
| #define HAVE_MEMMOVE 1
| #define HAVE_MEMSET 1
| #define HAVE_SELECT 1
| #define HAVE_SOCKET 1
| #define HAVE_STRCASECMP 1
| #define HAVE_STRCHR 1
| #define HAVE_STRERROR 1
| #define HAVE_STRNCASECMP 1
| #define HAVE_STRSTR 1
| #define HAVE_STRTOL 1
| #define HAVE_LOGF 1
| #define HAVE_PREAD 1
| #define HAVE_BACKTRACE 1
| #define HAVE_BACKTRACE_SYMBOLS 1
| #define HAVE_LIBRT 1
| #define HAVE_CLOCK_GETTIME 1
| #define HAVE_LOCK_EX 1
| #define HAVE_F_SETLKW 1
| #define HAVE_LIBDL 1
| #define HAVE_DLOPEN 1
| #define HAVE_DLERROR 1
| #define HAVE_PTHREAD_MUTEX_TIMEDLOCK 1
| #define USE_MYSQL 1
| #define USE_MMSEG 1
| #define USE_64BIT 0
| #define USE_LIBSTEMMER 0
| #define USE_LIBEXPAT 1
| #define USE_LIBICONV 1
| #define ICONV_INBUF_CONST 0
| #define USE_ZLIB 1
| #define UNALIGNED_RAM_ACCESS 1
| /* end confdefs.h.  */
| #ifndef __APPLE_CC__
| 	       not a universal capable compiler
| 	     #endif
| 	     typedef int dummy;
| 
configure:8543: g++ -c -Wall -g -D_FILE_OFFSET_BITS=64 -O3 -DNDEBUG  -I/usr/local/include -pthread -I/usr/include/mysql -DBIG_JOINS=1  -fno-strict-aliasing    -g -DNDEBUG  -I/usr/local/mmseg3/include/mmseg/  conftest.cpp >&5
configure:8543: $? = 0
configure:8561: g++ -c -Wall -g -D_FILE_OFFSET_BITS=64 -O3 -DNDEBUG  -I/usr/local/include -pthread -I/usr/include/mysql -DBIG_JOINS=1  -fno-strict-aliasing    -g -DNDEBUG  -I/usr/local/mmseg3/include/mmseg/  conftest.cpp >&5
conftest.cpp: In function 'int main()':
conftest.cpp:96:8: error: 'big' was not declared in this scope
    not big endian
        ^
conftest.cpp:96:12: error: expected ';' before 'endian'
    not big endian
            ^
configure:8561: $? = 1
configure: failed program was:
| /* confdefs.h */
| #define PACKAGE_NAME "sphinx"
| #define PACKAGE_TARNAME "sphinx"
| #define PACKAGE_VERSION "1.11"
| #define PACKAGE_STRING "sphinx 1.11"
| #define PACKAGE_BUGREPORT "shodan(at)shodan.ru"
| #define PACKAGE_URL ""
| #define PACKAGE "sphinx"
| #define VERSION "1.11"
| #define COMPILER "gcc 4.8"
| #define OS_UNAME "Linux zjm-System-Product-Name 3.19.0-25-generic #26~14.04.1-Ubuntu SMP Fri Jul 24 21:16:20 UTC 2015 x86_64 x86_64 x86_64 GNU/Linux"
| #define STDC_HEADERS 1
| #define HAVE_SYS_WAIT_H 1
| #define HAVE_SYS_TYPES_H 1
| #define HAVE_SYS_STAT_H 1
| #define HAVE_STDLIB_H 1
| #define HAVE_STRING_H 1
| #define HAVE_MEMORY_H 1
| #define HAVE_STRINGS_H 1
| #define HAVE_INTTYPES_H 1
| #define HAVE_STDINT_H 1
| #define HAVE_UNISTD_H 1
| #define HAVE_FCNTL_H 1
| #define HAVE_LIMITS_H 1
| #define HAVE_NETDB_H 1
| #define HAVE_NETINET_IN_H 1
| #define HAVE_STDLIB_H 1
| #define HAVE_STRING_H 1
| #define HAVE_SYS_FILE_H 1
| #define HAVE_SYS_SOCKET_H 1
| #define HAVE_SYS_TIME_H 1
| #define HAVE_UNISTD_H 1
| #define HAVE_PTHREAD_H 1
| #define HAVE_EXECINFO_H 1
| #define HAVE__BOOL 1
| #define HAVE_STDBOOL_H 1
| #define TIME_WITH_SYS_TIME 1
| #define HAVE_FORK 1
| #define HAVE_VFORK 1
| #define HAVE_WORKING_VFORK 1
| #define HAVE_WORKING_FORK 1
| #define HAVE_STDLIB_H 1
| #define HAVE_MALLOC 1
| #define HAVE_STDLIB_H 1
| #define HAVE_REALLOC 1
| #define HAVE_SYS_SELECT_H 1
| #define HAVE_SYS_SOCKET_H 1
| #define SELECT_TYPE_ARG1 int
| #define SELECT_TYPE_ARG234 (fd_set *)
| #define SELECT_TYPE_ARG5 (struct timeval *)
| #define RETSIGTYPE void
| #define LSTAT_FOLLOWS_SLASHED_SYMLINK 1
| #define HAVE_VPRINTF 1
| #define HAVE_DUP2 1
| #define HAVE_GETHOSTBYNAME 1
| #define HAVE_GETTIMEOFDAY 1
| #define HAVE_MEMMOVE 1
| #define HAVE_MEMSET 1
| #define HAVE_SELECT 1
| #define HAVE_SOCKET 1
| #define HAVE_STRCASECMP 1
| #define HAVE_STRCHR 1
| #define HAVE_STRERROR 1
| #define HAVE_STRNCASECMP 1
| #define HAVE_STRSTR 1
| #define HAVE_STRTOL 1
| #define HAVE_LOGF 1
| #define HAVE_PREAD 1
| #define HAVE_BACKTRACE 1
| #define HAVE_BACKTRACE_SYMBOLS 1
| #define HAVE_LIBRT 1
| #define HAVE_CLOCK_GETTIME 1
| #define HAVE_LOCK_EX 1
| #define HAVE_F_SETLKW 1
| #define HAVE_LIBDL 1
| #define HAVE_DLOPEN 1
| #define HAVE_DLERROR 1
| #define HAVE_PTHREAD_MUTEX_TIMEDLOCK 1
| #define USE_MYSQL 1
| #define USE_MMSEG 1
| #define USE_64BIT 0
| #define USE_LIBSTEMMER 0
| #define USE_LIBEXPAT 1
| #define USE_LIBICONV 1
| #define ICONV_INBUF_CONST 0
| #define USE_ZLIB 1
| #define UNALIGNED_RAM_ACCESS 1
| /* end confdefs.h.  */
| #include <sys/types.h>
| 		#include <sys/param.h>
| 
| int
| main ()
| {
| #if BYTE_ORDER != BIG_ENDIAN
| 		 not big endian
| 		#endif
| 
|   ;
|   return 0;
| }
configure:8689: result: no
configure:8711: result: 
configure:8713: result: generating configuration files
configure:8716: result: ------------------------------
configure:8718: result: 
configure:8843: checking that generated files are newer than configure
configure:8849: result: done
configure:8900: creating ./config.status

## ---------------------- ##
## Running config.status. ##
## ---------------------- ##

This file was extended by sphinx config.status 1.11, which was
generated by GNU Autoconf 2.69.  Invocation command line was

  CONFIG_FILES    = 
  CONFIG_HEADERS  = 
  CONFIG_LINKS    = 
  CONFIG_COMMANDS = 
  $ ./config.status 

on zjm-System-Product-Name

config.status:969: creating Makefile
config.status:969: creating src/Makefile
config.status:969: creating libstemmer_c/Makefile
config.status:969: creating doc/Makefile
config.status:969: creating sphinx.conf.dist
config.status:969: creating sphinx-min.conf.dist
config.status:969: creating config/config.h
config.status:1198: executing depfiles commands
configure:10224: result: 
configure:10226: result: configuration done
configure:10229: result: ------------------
configure:10231: result: 

## ---------------- ##
## Cache variables. ##
## ---------------- ##

ac_cv_c_bigendian=no
ac_cv_c_compiler_gnu=yes
ac_cv_c_const=yes
ac_cv_c_inline=inline
ac_cv_cxx_compiler_gnu=yes
ac_cv_define_F_SETLKW=yes
ac_cv_define_LOCK_EX=yes
ac_cv_env_CCC_set=
ac_cv_env_CCC_value=
ac_cv_env_CC_set=
ac_cv_env_CC_value=
ac_cv_env_CFLAGS_set=
ac_cv_env_CFLAGS_value=
ac_cv_env_CPPFLAGS_set=
ac_cv_env_CPPFLAGS_value=
ac_cv_env_CPP_set=
ac_cv_env_CPP_value=
ac_cv_env_CXXFLAGS_set=
ac_cv_env_CXXFLAGS_value=
ac_cv_env_CXX_set=
ac_cv_env_CXX_value=
ac_cv_env_LDFLAGS_set=
ac_cv_env_LDFLAGS_value=
ac_cv_env_LIBS_set=
ac_cv_env_LIBS_value=
ac_cv_env_PYTHON_set=
ac_cv_env_PYTHON_value=
ac_cv_env_build_alias_set=
ac_cv_env_build_alias_value=
ac_cv_env_host_alias_set=
ac_cv_env_host_alias_value=
ac_cv_env_target_alias_set=
ac_cv_env_target_alias_value=
ac_cv_func__doprnt=no
ac_cv_func_backtrace=yes
ac_cv_func_backtrace_symbols=yes
ac_cv_func_clock_gettime=yes
ac_cv_func_dlerror=yes
ac_cv_func_dlopen=yes
ac_cv_func_dup2=yes
ac_cv_func_fork=yes
ac_cv_func_fork_works=yes
ac_cv_func_gethostbyname=yes
ac_cv_func_gettimeofday=yes
ac_cv_func_logf=yes
ac_cv_func_lstat_dereferences_slashed_symlink=yes
ac_cv_func_malloc_0_nonnull=yes
ac_cv_func_memmove=yes
ac_cv_func_memset=yes
ac_cv_func_mysql_real_connect=yes
ac_cv_func_pread=yes
ac_cv_func_pthread_mutex_timedlock=yes
ac_cv_func_realloc_0_nonnull=yes
ac_cv_func_select=yes
ac_cv_func_select_args='int,fd_set *,struct timeval *'
ac_cv_func_socket=yes
ac_cv_func_stat_empty_string_bug=no
ac_cv_func_strcasecmp=yes
ac_cv_func_strchr=yes
ac_cv_func_strerror=yes
ac_cv_func_strncasecmp=yes
ac_cv_func_strstr=yes
ac_cv_func_strtol=yes
ac_cv_func_vfork=yes
ac_cv_func_vfork_works=yes
ac_cv_func_vprintf=yes
ac_cv_header_execinfo_h=yes
ac_cv_header_expat_h=yes
ac_cv_header_fcntl_h=yes
ac_cv_header_iconv_h=yes
ac_cv_header_inttypes_h=yes
ac_cv_header_limits_h=yes
ac_cv_header_memory_h=yes
ac_cv_header_netdb_h=yes
ac_cv_header_netinet_in_h=yes
ac_cv_header_pthread_h=yes
ac_cv_header_sql_h=no
ac_cv_header_stdbool_h=yes
ac_cv_header_stdc=yes
ac_cv_header_stdint_h=yes
ac_cv_header_stdlib_h=yes
ac_cv_header_string_h=yes
ac_cv_header_strings_h=yes
ac_cv_header_sys_file_h=yes
ac_cv_header_sys_select_h=yes
ac_cv_header_sys_socket_h=yes
ac_cv_header_sys_stat_h=yes
ac_cv_header_sys_time_h=yes
ac_cv_header_sys_types_h=yes
ac_cv_header_sys_wait_h=yes
ac_cv_header_syslog_h=yes
ac_cv_header_time=yes
ac_cv_header_unistd_h=yes
ac_cv_header_vfork_h=no
ac_cv_header_zlib_h=yes
ac_cv_lib_dl_dlopen=yes
ac_cv_lib_rt_clock_gettime=yes
ac_cv_mmseg_includes=/usr/local/mmseg3/include/mmseg/
ac_cv_mmseg_libs=/usr/local/mmseg3/lib/
ac_cv_objext=o
ac_cv_path_EGREP='/bin/grep -E'
ac_cv_path_GREP=/bin/grep
ac_cv_path_PYTHON=/usr/bin/python
ac_cv_path_install='/usr/bin/install -c'
ac_cv_path_mkdir=/bin/mkdir
ac_cv_prog_AWK=mawk
ac_cv_prog_CPP='gcc -E'
ac_cv_prog_ac_ct_AR=ar
ac_cv_prog_ac_ct_CC=gcc
ac_cv_prog_ac_ct_CXX=g++
ac_cv_prog_ac_ct_RANLIB=ranlib
ac_cv_prog_cc_c89=
ac_cv_prog_cc_g=yes
ac_cv_prog_cxx_g=yes
ac_cv_prog_make_make_set=yes
ac_cv_search_XML_Parse=-lexpat
ac_cv_search_gethostbyname='none required'
ac_cv_search_iconv='none required'
ac_cv_search_inflate=-lz
ac_cv_search_logf=-lm
ac_cv_search_setsockopt='none required'
ac_cv_type__Bool=yes
ac_cv_type_off_t=yes
ac_cv_type_pid_t=yes
ac_cv_type_signal=void
ac_cv_type_size_t=yes
ac_cv_use_debug=no
ac_cv_use_iconv=yes
ac_cv_use_libstemmer=no
ac_cv_use_mmseg=yes
ac_cv_use_mysql=yes
ac_cv_use_pgsql=no
ac_cv_use_static_mysql=no
ac_cv_use_syslog=no
ac_cv_use_unixodbc=no
am_cv_CC_dependencies_compiler_type=gcc3
am_cv_CXX_dependencies_compiler_type=gcc3
am_cv_ar_interface=ar
am_cv_make_support_nested_variables=yes
am_cv_prog_cc_c_o=yes
am_cv_python_platform=linux2
am_cv_python_pyexecdir='${exec_prefix}/lib/python2.7/site-packages'
am_cv_python_pythondir='${prefix}/lib/python2.7/site-packages'
am_cv_python_version=2.7
sphinx_cv_pthreads_cflags=-pthread
sphinx_cv_pthreads_libs=-lpthread
sphinx_cv_unaligned_ram_access=yes

## ----------------- ##
## Output variables. ##
## ----------------- ##

ACLOCAL='aclocal-1.14'
AMDEPBACKSLASH='\'
AMDEP_FALSE='#'
AMDEP_TRUE=''
AMTAR='$${TAR-tar}'
AM_BACKSLASH='\'
AM_DEFAULT_V='$(AM_DEFAULT_VERBOSITY)'
AM_DEFAULT_VERBOSITY='1'
AM_V='$(V)'
AR='ar'
AUTOCONF='autoconf'
AUTOHEADER='autoheader'
AUTOMAKE='automake-1.14'
AWK='mawk'
CC='gcc'
CCDEPMODE='depmode=gcc3'
CFLAGS='-Wall -g -D_FILE_OFFSET_BITS=64 -O3 -DNDEBUG'
CONFDIR='/usr/local/coreseek/var'
CPP='gcc -E'
CPPFLAGS=' -I/usr/local/include -pthread -I/usr/include/mysql -DBIG_JOINS=1  -fno-strict-aliasing    -g -DNDEBUG  -I/usr/local/mmseg3/include/mmseg/ '
CXX='g++'
CXXDEPMODE='depmode=gcc3'
CXXFLAGS='-Wall -g -D_FILE_OFFSET_BITS=64 -O3 -DNDEBUG'
CYGPATH_W='echo'
DEFS='-DHAVE_CONFIG_H'
DEPDIR='.deps'
ECHO_C=''
ECHO_N='-n'
ECHO_T=''
EGREP='/bin/grep -E'
EXEEXT=''
GREP='/bin/grep'
INSTALL_DATA='${INSTALL} -m 644'
INSTALL_PROGRAM='${INSTALL}'
INSTALL_SCRIPT='${INSTALL}'
INSTALL_STRIP_PROGRAM='$(install_sh) -c -s'
LDFLAGS=''
LIBOBJS=''
LIBRT='-lrt '
LIBS='-ldl -lm -lz -lexpat  -L/usr/local/lib -lrt  -lpthread '
LTLIBOBJS=''
MAINT='#'
MAINTAINER_MODE_FALSE=''
MAINTAINER_MODE_TRUE='#'
MAKEINFO='makeinfo'
MKDIR_P='/bin/mkdir -p'
MMSEG_CFLAGS='-I/usr/local/mmseg3/include/mmseg/'
MMSEG_LIBS='-L/usr/local/mmseg3/lib/ -lmmseg'
MYSQL_CFLAGS='-I/usr/include/mysql -DBIG_JOINS=1  -fno-strict-aliasing    -g -DNDEBUG'
MYSQL_LIBS='-L/usr/lib/x86_64-linux-gnu -lmysqlclient -lpthread -lz -lm -ldl'
OBJEXT='o'
PACKAGE='sphinx'
PACKAGE_BUGREPORT='shodan(at)shodan.ru'
PACKAGE_NAME='sphinx'
PACKAGE_STRING='sphinx 1.11'
PACKAGE_TARNAME='sphinx'
PACKAGE_URL=''
PACKAGE_VERSION='1.11'
PATH_SEPARATOR=':'
PGSQL_CFLAGS=''
PGSQL_LIBS=''
PYTHON='/usr/bin/python'
PYTHON_CPPFLAGS=''
PYTHON_EXEC_PREFIX='${exec_prefix}'
PYTHON_LIBS=''
PYTHON_PLATFORM='linux2'
PYTHON_PREFIX='${prefix}'
PYTHON_VERSION='2.7'
RANLIB='ranlib'
SET_MAKE=''
SHELL='/bin/bash'
STRIP=''
USE_LIBSTEMMER_FALSE=''
USE_LIBSTEMMER_TRUE='#'
USE_MMSEG_FALSE='#'
USE_MMSEG_TRUE=''
USE_MYSQL_FALSE='#'
USE_MYSQL_TRUE=''
USE_PGSQL_FALSE=''
USE_PGSQL_TRUE='#'
USE_PYTHON_FALSE=''
USE_PYTHON_TRUE='#'
VERSION='1.11'
ac_ct_AR='ar'
ac_ct_CC='gcc'
ac_ct_CXX='g++'
am__EXEEXT_FALSE=''
am__EXEEXT_TRUE='#'
am__fastdepCC_FALSE='#'
am__fastdepCC_TRUE=''
am__fastdepCXX_FALSE='#'
am__fastdepCXX_TRUE=''
am__include='include'
am__isrc=''
am__leading_dot='.'
am__nodep='_no'
am__quote=''
am__tar='$${TAR-tar} chof - "$$tardir"'
am__untar='$${TAR-tar} xf -'
bindir='${exec_prefix}/bin'
build_alias=''
datadir='${datarootdir}'
datarootdir='${prefix}/share'
docdir='${datarootdir}/doc/${PACKAGE_TARNAME}'
dvidir='${docdir}'
exec_prefix='${prefix}'
host_alias=''
htmldir='${docdir}'
includedir='${prefix}/include'
infodir='${datarootdir}/info'
install_sh='${SHELL} /home/zjm/sphinx/coreseek/coreseek-4.1-beta/csft-4.1/config/install-sh'
libdir='${exec_prefix}/lib'
libexecdir='${exec_prefix}/libexec'
localedir='${datarootdir}/locale'
localstatedir='${prefix}/var'
mandir='${datarootdir}/man'
mkdir_p='$(MKDIR_P)'
oldincludedir='/usr/include'
pdfdir='${docdir}'
pgconfig=''
pkgpyexecdir='${pyexecdir}/sphinx'
pkgpythondir='${pythondir}/sphinx'
prefix='/usr/local/coreseek'
program_transform_name='s,x,x,'
psdir='${docdir}'
pyexecdir='${exec_prefix}/lib/python2.7/site-packages'
pythondir='${prefix}/lib/python2.7/site-packages'
sbindir='${exec_prefix}/sbin'
sharedstatedir='${prefix}/com'
sysconfdir='${prefix}/etc'
target_alias=''

## ----------- ##
## confdefs.h. ##
## ----------- ##

/* confdefs.h */
#define PACKAGE_NAME "sphinx"
#define PACKAGE_TARNAME "sphinx"
#define PACKAGE_VERSION "1.11"
#define PACKAGE_STRING "sphinx 1.11"
#define PACKAGE_BUGREPORT "shodan(at)shodan.ru"
#define PACKAGE_URL ""
#define PACKAGE "sphinx"
#define VERSION "1.11"
#define COMPILER "gcc 4.8"
#define OS_UNAME "Linux zjm-System-Product-Name 3.19.0-25-generic #26~14.04.1-Ubuntu SMP Fri Jul 24 21:16:20 UTC 2015 x86_64 x86_64 x86_64 GNU/Linux"
#define STDC_HEADERS 1
#define HAVE_SYS_WAIT_H 1
#define HAVE_SYS_TYPES_H 1
#define HAVE_SYS_STAT_H 1
#define HAVE_STDLIB_H 1
#define HAVE_STRING_H 1
#define HAVE_MEMORY_H 1
#define HAVE_STRINGS_H 1
#define HAVE_INTTYPES_H 1
#define HAVE_STDINT_H 1
#define HAVE_UNISTD_H 1
#define HAVE_FCNTL_H 1
#define HAVE_LIMITS_H 1
#define HAVE_NETDB_H 1
#define HAVE_NETINET_IN_H 1
#define HAVE_STDLIB_H 1
#define HAVE_STRING_H 1
#define HAVE_SYS_FILE_H 1
#define HAVE_SYS_SOCKET_H 1
#define HAVE_SYS_TIME_H 1
#define HAVE_UNISTD_H 1
#define HAVE_PTHREAD_H 1
#define HAVE_EXECINFO_H 1
#define HAVE__BOOL 1
#define HAVE_STDBOOL_H 1
#define TIME_WITH_SYS_TIME 1
#define HAVE_FORK 1
#define HAVE_VFORK 1
#define HAVE_WORKING_VFORK 1
#define HAVE_WORKING_FORK 1
#define HAVE_STDLIB_H 1
#define HAVE_MALLOC 1
#define HAVE_STDLIB_H 1
#define HAVE_REALLOC 1
#define HAVE_SYS_SELECT_H 1
#define HAVE_SYS_SOCKET_H 1
#define SELECT_TYPE_ARG1 int
#define SELECT_TYPE_ARG234 (fd_set *)
#define SELECT_TYPE_ARG5 (struct timeval *)
#define RETSIGTYPE void
#define LSTAT_FOLLOWS_SLASHED_SYMLINK 1
#define HAVE_VPRINTF 1
#define HAVE_DUP2 1
#define HAVE_GETHOSTBYNAME 1
#define HAVE_GETTIMEOFDAY 1
#define HAVE_MEMMOVE 1
#define HAVE_MEMSET 1
#define HAVE_SELECT 1
#define HAVE_SOCKET 1
#define HAVE_STRCASECMP 1
#define HAVE_STRCHR 1
#define HAVE_STRERROR 1
#define HAVE_STRNCASECMP 1
#define HAVE_STRSTR 1
#define HAVE_STRTOL 1
#define HAVE_LOGF 1
#define HAVE_PREAD 1
#define HAVE_BACKTRACE 1
#define HAVE_BACKTRACE_SYMBOLS 1
#define HAVE_LIBRT 1
#define HAVE_CLOCK_GETTIME 1
#define HAVE_LOCK_EX 1
#define HAVE_F_SETLKW 1
#define HAVE_LIBDL 1
#define HAVE_DLOPEN 1
#define HAVE_DLERROR 1
#define HAVE_PTHREAD_MUTEX_TIMEDLOCK 1
#define USE_MYSQL 1
#define USE_MMSEG 1
#define USE_64BIT 0
#define USE_LIBSTEMMER 0
#define USE_LIBEXPAT 1
#define USE_LIBICONV 1
#define ICONV_INBUF_CONST 0
#define USE_ZLIB 1
#define UNALIGNED_RAM_ACCESS 1
#define USE_LITTLE_ENDIAN 1

configure: exit 0
